#
# There is insufficient memory for the Java Runtime Environment to continue.
# Native memory allocation (malloc) failed to allocate 123856 bytes for Chunk::new
# Possible reasons:
#   The system is out of physical RAM or swap space
#   The process is running with CompressedOops enabled, and the Java Heap may be blocking the growth of the native heap
# Possible solutions:
#   Reduce memory load on the system
#   Increase physical memory or swap space
#   Check if swap backing store is full
#   Decrease Java heap size (-Xmx/-Xms)
#   Decrease number of Java threads
#   Decrease Java thread stack sizes (-Xss)
#   Set larger code cache with -XX:ReservedCodeCacheSize=
#   JVM is running with Unscaled Compressed Oops mode in which the Java heap is
#     placed in the first 4GB address space. The Java Heap base address is the
#     maximum limit for the native heap growth. Please use -XX:HeapBaseMinAddress
#     to set the Java Heap base and to place the Java Heap above 4GB virtual address.
# This output file may be truncated or incomplete.
#
#  Out of Memory Error (./src/hotspot/share/memory/arena.cpp:197), pid=17588, tid=13480
#
# JRE version: OpenJDK Runtime Environment Microsoft-7208460 (11.0.18+10) (build 11.0.18+10-LTS)
# Java VM: OpenJDK 64-Bit Server VM Microsoft-7208460 (11.0.18+10-LTS, mixed mode, tiered, compressed oops, g1 gc, windows-amd64)
# No core dump will be written. Minidumps are not enabled by default on client versions of Windows
#

---------------  S U M M A R Y ------------

Command Line: -Xmx64m -Xms64m -Dorg.gradle.appname=gradlew org.gradle.wrapper.GradleWrapperMain app:installDebug -PreactNativeDevServerPort=8081

Host: Intel(R) Core(TM) i7-8565U CPU @ 1.80GHz, 8 cores, 11G,  Windows 10 , 64 bit Build 19041 (10.0.19041.2364)
Time: Fri Feb 10 15:21:59 2023 Pakistan Standard Time elapsed time: 0.531464 seconds (0d 0h 0m 0s)

---------------  T H R E A D  ---------------

Current thread (0x000001bbb2b55000):  JavaThread "C2 CompilerThread1" daemon [_thread_in_native, id=13480, stack(0x0000003664900000,0x0000003664a00000)]


Current CompileTask:
C2:    531  631       4       java.lang.String::toLowerCase (29 bytes)

Stack: [0x0000003664900000,0x0000003664a00000]
Native frames: (J=compiled Java code, j=interpreted, Vv=VM code, C=native code)
V  [jvm.dll+0x62bf8a]
V  [jvm.dll+0x7b8fb9]
V  [jvm.dll+0x7ba6a8]
V  [jvm.dll+0x7bad83]
V  [jvm.dll+0x250248]
V  [jvm.dll+0xc260c]
V  [jvm.dll+0xc2bcc]
V  [jvm.dll+0x35e1c7]
V  [jvm.dll+0x32a373]
V  [jvm.dll+0x3296aa]
V  [jvm.dll+0x2093b3]
V  [jvm.dll+0x20850d]
V  [jvm.dll+0x18a4b1]
V  [jvm.dll+0x217eec]
V  [jvm.dll+0x21612b]
V  [jvm.dll+0x77bac0]
V  [jvm.dll+0x7749f4]
V  [jvm.dll+0x62adf5]
C  [ucrtbase.dll+0x21bb2]
C  [KERNEL32.DLL+0x17614]
C  [ntdll.dll+0x526a1]


---------------  P R O C E S S  ---------------

Threads class SMR info:
_java_thread_list=0x000001bbb283fe90, length=11, elements={
0x000001bb975a5800, 0x000001bbb2438800, 0x000001bbb2442000, 0x000001bbb249b000,
0x000001bbb249d000, 0x000001bbb24a1000, 0x000001bbb24ab000, 0x000001bbb24ac800,
0x000001bbb24c0800, 0x000001bbb272c000, 0x000001bbb2b55000
}

Java Threads: ( => current thread )
  0x000001bb975a5800 JavaThread "main" [_thread_in_Java, id=9948, stack(0x0000003663800000,0x0000003663900000)]
  0x000001bbb2438800 JavaThread "Reference Handler" daemon [_thread_blocked, id=15056, stack(0x0000003663f00000,0x0000003664000000)]
  0x000001bbb2442000 JavaThread "Finalizer" daemon [_thread_blocked, id=17120, stack(0x0000003664000000,0x0000003664100000)]
  0x000001bbb249b000 JavaThread "Signal Dispatcher" daemon [_thread_blocked, id=17816, stack(0x0000003664100000,0x0000003664200000)]
  0x000001bbb249d000 JavaThread "Attach Listener" daemon [_thread_blocked, id=14288, stack(0x0000003664200000,0x0000003664300000)]
  0x000001bbb24a1000 JavaThread "Service Thread" daemon [_thread_blocked, id=21064, stack(0x0000003664300000,0x0000003664400000)]
  0x000001bbb24ab000 JavaThread "C2 CompilerThread0" daemon [_thread_blocked, id=18028, stack(0x0000003664400000,0x0000003664500000)]
  0x000001bbb24ac800 JavaThread "C1 CompilerThread0" daemon [_thread_blocked, id=12344, stack(0x0000003664500000,0x0000003664600000)]
  0x000001bbb24c0800 JavaThread "Sweeper thread" daemon [_thread_blocked, id=14928, stack(0x0000003664600000,0x0000003664700000)]
  0x000001bbb272c000 JavaThread "Common-Cleaner" daemon [_thread_blocked, id=1528, stack(0x0000003664800000,0x0000003664900000)]
=>0x000001bbb2b55000 JavaThread "C2 CompilerThread1" daemon [_thread_in_native, id=13480, stack(0x0000003664900000,0x0000003664a00000)]

Other Threads:
  0x000001bbb2413800 VMThread "VM Thread" [stack: 0x0000003663e00000,0x0000003663f00000] [id=11900]
  0x000001bbb2720800 WatcherThread [stack: 0x0000003664700000,0x0000003664800000] [id=3492]
  0x000001bb975bf800 GCTaskThread "GC Thread#0" [stack: 0x0000003663900000,0x0000003663a00000] [id=21404]
  0x000001bb975c6800 ConcurrentGCThread "G1 Main Marker" [stack: 0x0000003663a00000,0x0000003663b00000] [id=18036]
  0x000001bb975c8000 ConcurrentGCThread "G1 Conc#0" [stack: 0x0000003663b00000,0x0000003663c00000] [id=17300]
  0x000001bb9762e000 ConcurrentGCThread "G1 Refine#0" [stack: 0x0000003663c00000,0x0000003663d00000] [id=20816]
  0x000001bb9762f000 ConcurrentGCThread "G1 Young RemSet Sampling" [stack: 0x0000003663d00000,0x0000003663e00000] [id=17000]

Threads with active compile tasks:
C2 CompilerThread1      541  631       4       java.lang.String::toLowerCase (29 bytes)

VM state:not at safepoint (normal execution)

VM Mutex/Monitor currently owned by a thread: None

Heap address: 0x00000000fc000000, size: 64 MB, Compressed Oops mode: 32-bit
Narrow klass base: 0x0000000000000000, Narrow klass shift: 3
Compressed class space size: 1073741824 Address: 0x0000000100000000

Heap:
 garbage-first heap   total 65536K, used 22528K [0x00000000fc000000, 0x0000000100000000)
  region size 1024K, 18 young (18432K), 0 survivors (0K)
 Metaspace       used 7841K, capacity 8017K, committed 8192K, reserved 1056768K
  class space    used 688K, capacity 754K, committed 768K, reserved 1048576K
Heap Regions: E=young(eden), S=young(survivor), O=old, HS=humongous(starts), HC=humongous(continues), CS=collection set, F=free, A=archive, TAMS=top-at-mark-start (previous, next)
|   0|0x00000000fc000000, 0x00000000fc100000, 0x00000000fc100000|100%|HS|  |TAMS 0x00000000fc000000, 0x00000000fc000000| Complete 
|   1|0x00000000fc100000, 0x00000000fc200000, 0x00000000fc200000|100%|HC|  |TAMS 0x00000000fc100000, 0x00000000fc100000| Complete 
|   2|0x00000000fc200000, 0x00000000fc300000, 0x00000000fc300000|100%|HC|  |TAMS 0x00000000fc200000, 0x00000000fc200000| Complete 
|   3|0x00000000fc300000, 0x00000000fc400000, 0x00000000fc400000|100%|HS|  |TAMS 0x00000000fc300000, 0x00000000fc300000| Complete 
|   4|0x00000000fc400000, 0x00000000fc500000, 0x00000000fc500000|100%|HC|  |TAMS 0x00000000fc400000, 0x00000000fc400000| Complete 
|   5|0x00000000fc500000, 0x00000000fc600000, 0x00000000fc600000|100%|HC|  |TAMS 0x00000000fc500000, 0x00000000fc500000| Complete 
|   6|0x00000000fc600000, 0x00000000fc600000, 0x00000000fc700000|  0%| F|  |TAMS 0x00000000fc600000, 0x00000000fc600000| Untracked 
|   7|0x00000000fc700000, 0x00000000fc700000, 0x00000000fc800000|  0%| F|  |TAMS 0x00000000fc700000, 0x00000000fc700000| Untracked 
|   8|0x00000000fc800000, 0x00000000fc800000, 0x00000000fc900000|  0%| F|  |TAMS 0x00000000fc800000, 0x00000000fc800000| Untracked 
|   9|0x00000000fc900000, 0x00000000fc900000, 0x00000000fca00000|  0%| F|  |TAMS 0x00000000fc900000, 0x00000000fc900000| Untracked 
|  10|0x00000000fca00000, 0x00000000fca00000, 0x00000000fcb00000|  0%| F|  |TAMS 0x00000000fca00000, 0x00000000fca00000| Untracked 
|  11|0x00000000fcb00000, 0x00000000fcb00000, 0x00000000fcc00000|  0%| F|  |TAMS 0x00000000fcb00000, 0x00000000fcb00000| Untracked 
|  12|0x00000000fcc00000, 0x00000000fcc00000, 0x00000000fcd00000|  0%| F|  |TAMS 0x00000000fcc00000, 0x00000000fcc00000| Untracked 
|  13|0x00000000fcd00000, 0x00000000fcd00000, 0x00000000fce00000|  0%| F|  |TAMS 0x00000000fcd00000, 0x00000000fcd00000| Untracked 
|  14|0x00000000fce00000, 0x00000000fce00000, 0x00000000fcf00000|  0%| F|  |TAMS 0x00000000fce00000, 0x00000000fce00000| Untracked 
|  15|0x00000000fcf00000, 0x00000000fcf00000, 0x00000000fd000000|  0%| F|  |TAMS 0x00000000fcf00000, 0x00000000fcf00000| Untracked 
|  16|0x00000000fd000000, 0x00000000fd000000, 0x00000000fd100000|  0%| F|  |TAMS 0x00000000fd000000, 0x00000000fd000000| Untracked 
|  17|0x00000000fd100000, 0x00000000fd100000, 0x00000000fd200000|  0%| F|  |TAMS 0x00000000fd100000, 0x00000000fd100000| Untracked 
|  18|0x00000000fd200000, 0x00000000fd200000, 0x00000000fd300000|  0%| F|  |TAMS 0x00000000fd200000, 0x00000000fd200000| Untracked 
|  19|0x00000000fd300000, 0x00000000fd300000, 0x00000000fd400000|  0%| F|  |TAMS 0x00000000fd300000, 0x00000000fd300000| Untracked 
|  20|0x00000000fd400000, 0x00000000fd400000, 0x00000000fd500000|  0%| F|  |TAMS 0x00000000fd400000, 0x00000000fd400000| Untracked 
|  21|0x00000000fd500000, 0x00000000fd500000, 0x00000000fd600000|  0%| F|  |TAMS 0x00000000fd500000, 0x00000000fd500000| Untracked 
|  22|0x00000000fd600000, 0x00000000fd600000, 0x00000000fd700000|  0%| F|  |TAMS 0x00000000fd600000, 0x00000000fd600000| Untracked 
|  23|0x00000000fd700000, 0x00000000fd700000, 0x00000000fd800000|  0%| F|  |TAMS 0x00000000fd700000, 0x00000000fd700000| Untracked 
|  24|0x00000000fd800000, 0x00000000fd800000, 0x00000000fd900000|  0%| F|  |TAMS 0x00000000fd800000, 0x00000000fd800000| Untracked 
|  25|0x00000000fd900000, 0x00000000fd900000, 0x00000000fda00000|  0%| F|  |TAMS 0x00000000fd900000, 0x00000000fd900000| Untracked 
|  26|0x00000000fda00000, 0x00000000fda00000, 0x00000000fdb00000|  0%| F|  |TAMS 0x00000000fda00000, 0x00000000fda00000| Untracked 
|  27|0x00000000fdb00000, 0x00000000fdb00000, 0x00000000fdc00000|  0%| F|  |TAMS 0x00000000fdb00000, 0x00000000fdb00000| Untracked 
|  28|0x00000000fdc00000, 0x00000000fdc00000, 0x00000000fdd00000|  0%| F|  |TAMS 0x00000000fdc00000, 0x00000000fdc00000| Untracked 
|  29|0x00000000fdd00000, 0x00000000fdd00000, 0x00000000fde00000|  0%| F|  |TAMS 0x00000000fdd00000, 0x00000000fdd00000| Untracked 
|  30|0x00000000fde00000, 0x00000000fde00000, 0x00000000fdf00000|  0%| F|  |TAMS 0x00000000fde00000, 0x00000000fde00000| Untracked 
|  31|0x00000000fdf00000, 0x00000000fdf00000, 0x00000000fe000000|  0%| F|  |TAMS 0x00000000fdf00000, 0x00000000fdf00000| Untracked 
|  32|0x00000000fe000000, 0x00000000fe000000, 0x00000000fe100000|  0%| F|  |TAMS 0x00000000fe000000, 0x00000000fe000000| Untracked 
|  33|0x00000000fe100000, 0x00000000fe100000, 0x00000000fe200000|  0%| F|  |TAMS 0x00000000fe100000, 0x00000000fe100000| Untracked 
|  34|0x00000000fe200000, 0x00000000fe200000, 0x00000000fe300000|  0%| F|  |TAMS 0x00000000fe200000, 0x00000000fe200000| Untracked 
|  35|0x00000000fe300000, 0x00000000fe300000, 0x00000000fe400000|  0%| F|  |TAMS 0x00000000fe300000, 0x00000000fe300000| Untracked 
|  36|0x00000000fe400000, 0x00000000fe400000, 0x00000000fe500000|  0%| F|  |TAMS 0x00000000fe400000, 0x00000000fe400000| Untracked 
|  37|0x00000000fe500000, 0x00000000fe500000, 0x00000000fe600000|  0%| F|  |TAMS 0x00000000fe500000, 0x00000000fe500000| Untracked 
|  38|0x00000000fe600000, 0x00000000fe600000, 0x00000000fe700000|  0%| F|  |TAMS 0x00000000fe600000, 0x00000000fe600000| Untracked 
|  39|0x00000000fe700000, 0x00000000fe700000, 0x00000000fe800000|  0%| F|  |TAMS 0x00000000fe700000, 0x00000000fe700000| Untracked 
|  40|0x00000000fe800000, 0x00000000fe800000, 0x00000000fe900000|  0%| F|  |TAMS 0x00000000fe800000, 0x00000000fe800000| Untracked 
|  41|0x00000000fe900000, 0x00000000fe900000, 0x00000000fea00000|  0%| F|  |TAMS 0x00000000fe900000, 0x00000000fe900000| Untracked 
|  42|0x00000000fea00000, 0x00000000fea00000, 0x00000000feb00000|  0%| F|  |TAMS 0x00000000fea00000, 0x00000000fea00000| Untracked 
|  43|0x00000000feb00000, 0x00000000feb00000, 0x00000000fec00000|  0%| F|  |TAMS 0x00000000feb00000, 0x00000000feb00000| Untracked 
|  44|0x00000000fec00000, 0x00000000fec00000, 0x00000000fed00000|  0%| F|  |TAMS 0x00000000fec00000, 0x00000000fec00000| Untracked 
|  45|0x00000000fed00000, 0x00000000fed00000, 0x00000000fee00000|  0%| F|  |TAMS 0x00000000fed00000, 0x00000000fed00000| Untracked 
|  46|0x00000000fee00000, 0x00000000fee4a7b0, 0x00000000fef00000| 29%| E|  |TAMS 0x00000000fee00000, 0x00000000fee00000| Complete 
|  47|0x00000000fef00000, 0x00000000ff000000, 0x00000000ff000000|100%| E|CS|TAMS 0x00000000fef00000, 0x00000000fef00000| Complete 
|  48|0x00000000ff000000, 0x00000000ff100000, 0x00000000ff100000|100%| E|CS|TAMS 0x00000000ff000000, 0x00000000ff000000| Complete 
|  49|0x00000000ff100000, 0x00000000ff200000, 0x00000000ff200000|100%| E|  |TAMS 0x00000000ff100000, 0x00000000ff100000| Complete 
|  50|0x00000000ff200000, 0x00000000ff300000, 0x00000000ff300000|100%| E|CS|TAMS 0x00000000ff200000, 0x00000000ff200000| Complete 
|  51|0x00000000ff300000, 0x00000000ff400000, 0x00000000ff400000|100%| E|CS|TAMS 0x00000000ff300000, 0x00000000ff300000| Complete 
|  52|0x00000000ff400000, 0x00000000ff500000, 0x00000000ff500000|100%| E|CS|TAMS 0x00000000ff400000, 0x00000000ff400000| Complete 
|  53|0x00000000ff500000, 0x00000000ff600000, 0x00000000ff600000|100%| E|CS|TAMS 0x00000000ff500000, 0x00000000ff500000| Complete 
|  54|0x00000000ff600000, 0x00000000ff700000, 0x00000000ff700000|100%| E|CS|TAMS 0x00000000ff600000, 0x00000000ff600000| Complete 
|  55|0x00000000ff700000, 0x00000000ff800000, 0x00000000ff800000|100%| E|CS|TAMS 0x00000000ff700000, 0x00000000ff700000| Complete 
|  56|0x00000000ff800000, 0x00000000ff900000, 0x00000000ff900000|100%| E|CS|TAMS 0x00000000ff800000, 0x00000000ff800000| Complete 
|  57|0x00000000ff900000, 0x00000000ffa00000, 0x00000000ffa00000|100%| E|CS|TAMS 0x00000000ff900000, 0x00000000ff900000| Complete 
|  58|0x00000000ffa00000, 0x00000000ffb00000, 0x00000000ffb00000|100%| E|CS|TAMS 0x00000000ffa00000, 0x00000000ffa00000| Complete 
|  59|0x00000000ffb00000, 0x00000000ffc00000, 0x00000000ffc00000|100%| E|CS|TAMS 0x00000000ffb00000, 0x00000000ffb00000| Complete 
|  60|0x00000000ffc00000, 0x00000000ffd00000, 0x00000000ffd00000|100%| E|CS|TAMS 0x00000000ffc00000, 0x00000000ffc00000| Complete 
|  61|0x00000000ffd00000, 0x00000000ffe00000, 0x00000000ffe00000|100%| E|CS|TAMS 0x00000000ffd00000, 0x00000000ffd00000| Complete 
|  62|0x00000000ffe00000, 0x00000000fff00000, 0x00000000fff00000|100%| E|CS|TAMS 0x00000000ffe00000, 0x00000000ffe00000| Complete 
|  63|0x00000000fff00000, 0x0000000100000000, 0x0000000100000000|100%| E|CS|TAMS 0x00000000fff00000, 0x00000000fff00000| Complete 

Card table byte_map: [0x000001bb97500000,0x000001bb97520000] _byte_map_base: 0x000001bb96d20000

Marking Bits (Prev, Next): (CMBitMap*) 0x000001bb975c5528, (CMBitMap*) 0x000001bb975c5560
 Prev Bits: [0x000001bbaf050000, 0x000001bbaf150000)
 Next Bits: [0x000001bbaf150000, 0x000001bbaf250000)

Polling page: 0x000001bb96d80000

Metaspace:

Usage:
  Non-class:      7.09 MB capacity,     6.99 MB ( 98%) used,   103.95 KB (  1%) free+waste,     6.00 KB ( <1%) overhead. 
      Class:    754.00 KB capacity,   688.92 KB ( 91%) used,    62.27 KB (  8%) free+waste,     2.81 KB ( <1%) overhead. 
       Both:      7.83 MB capacity,     7.66 MB ( 98%) used,   166.22 KB (  2%) free+waste,     8.81 KB ( <1%) overhead. 

Virtual space:
  Non-class space:        8.00 MB reserved,       7.25 MB ( 91%) committed 
      Class space:        1.00 GB reserved,     768.00 KB ( <1%) committed 
             Both:        1.01 GB reserved,       8.00 MB ( <1%) committed 

Chunk freelists:
   Non-Class:  33.00 KB
       Class:  14.00 KB
        Both:  47.00 KB

MaxMetaspaceSize: 17179869184.00 GB
CompressedClassSpaceSize: 1.00 GB
Initial GC threshold: 20.80 MB
Current GC threshold: 20.80 MB
CDS: off

CodeHeap 'non-profiled nmethods': size=120000Kb used=211Kb max_used=211Kb free=119788Kb
 bounds [0x000001bba77f0000, 0x000001bba7a60000, 0x000001bbaed20000]
CodeHeap 'profiled nmethods': size=120000Kb used=1085Kb max_used=1085Kb free=118914Kb
 bounds [0x000001bba02c0000, 0x000001bba0530000, 0x000001bba77f0000]
CodeHeap 'non-nmethods': size=5760Kb used=1107Kb max_used=1123Kb free=4652Kb
 bounds [0x000001bb9fd20000, 0x000001bb9ff90000, 0x000001bba02c0000]
 total_blobs=992 nmethods=638 adapters=267
 compilation: enabled
              stopped_count=0, restarted_count=0
 full_count=0

Compilation events (20 events):
Event: 0.503 Thread 0x000001bbb24ac800 nmethod 624 0x000001bba03c1a90 code [0x000001bba03c2100, 0x000001bba03c5c68]
Event: 0.503 Thread 0x000001bbb2b55000 nmethod 623 0x000001bba7821c90 code [0x000001bba7821e20, 0x000001bba7821f58]
Event: 0.505 Thread 0x000001bbb24ac800  625       3       jdk.internal.util.jar.JarIndex::addMapping (21 bytes)
Event: 0.505 Thread 0x000001bbb24ac800 nmethod 625 0x000001bba03c7690 code [0x000001bba03c7860, 0x000001bba03c79f8]
Event: 0.505 Thread 0x000001bbb24ac800  626       3       java.util.jar.JarFile$1::apply (9 bytes)
Event: 0.506 Thread 0x000001bbb24ac800 nmethod 626 0x000001bba03c7b10 code [0x000001bba03c7d00, 0x000001bba03c8188]
Event: 0.506 Thread 0x000001bbb24ac800  627       3       java.util.jar.JarFile$1::apply (13 bytes)
Event: 0.506 Thread 0x000001bbb24ac800 nmethod 627 0x000001bba03c8310 code [0x000001bba03c84e0, 0x000001bba03c8808]
Event: 0.506 Thread 0x000001bbb24ac800  628       3       java.lang.StringBuilder::<init> (6 bytes)
Event: 0.506 Thread 0x000001bbb24ac800 nmethod 628 0x000001bba03c8990 code [0x000001bba03c8b40, 0x000001bba03c8c68]
Event: 0.506 Thread 0x000001bbb24ac800  629       3       java.net.URL::getDefaultPort (8 bytes)
Event: 0.507 Thread 0x000001bbb24ac800 nmethod 629 0x000001bba03c8d10 code [0x000001bba03c8ec0, 0x000001bba03c9098]
Event: 0.513 Thread 0x000001bbb24ab000 nmethod 612 0x000001bba7822010 code [0x000001bba7822220, 0x000001bba78235f0]
Event: 0.513 Thread 0x000001bbb24ac800  630       3       jdk.internal.perf.PerfCounter::increment (6 bytes)
Event: 0.514 Thread 0x000001bbb24ac800 nmethod 630 0x000001bba03c9190 code [0x000001bba03c9380, 0x000001bba03c9a38]
Event: 0.517 Thread 0x000001bbb2b55000  631       4       java.lang.String::toLowerCase (29 bytes)
Event: 0.517 Thread 0x000001bbb24ac800  632       3       java.io.WinNTFileSystem::normalizePrefix (132 bytes)
Event: 0.519 Thread 0x000001bbb24ab000  633       4       java.lang.StringBuilder::append (8 bytes)
Event: 0.519 Thread 0x000001bbb24ac800 nmethod 632 0x000001bba03c9c90 code [0x000001bba03ca0e0, 0x000001bba03cc148]
Event: 0.523 Thread 0x000001bbb24ac800  635       3       java.net.URL::toString (5 bytes)

GC Heap History (0 events):
No events

Deoptimization events (20 events):
Event: 0.440 Thread 0x000001bb975a5800 DEOPT PACKING pc=0x000001bba7819184 sp=0x00000036638f9820
Event: 0.440 Thread 0x000001bb975a5800 DEOPT UNPACKING pc=0x000001bb9fd6a1af sp=0x00000036638f97b0 mode 2
Event: 0.452 Thread 0x000001bb975a5800 Uncommon trap: trap_request=0xffffffde fr.pc=0x000001bba7819184 relative=0x0000000000000f64
Event: 0.452 Thread 0x000001bb975a5800 Uncommon trap: reason=class_check action=maybe_recompile pc=0x000001bba7819184 method=java.util.HashMap.putVal(ILjava/lang/Object;Ljava/lang/Object;ZZ)Ljava/lang/Object; @ 203 c2
Event: 0.452 Thread 0x000001bb975a5800 DEOPT PACKING pc=0x000001bba7819184 sp=0x00000036638f9820
Event: 0.452 Thread 0x000001bb975a5800 DEOPT UNPACKING pc=0x000001bb9fd6a1af sp=0x00000036638f97b0 mode 2
Event: 0.453 Thread 0x000001bb975a5800 Uncommon trap: trap_request=0xffffffde fr.pc=0x000001bba78190d0 relative=0x0000000000000eb0
Event: 0.453 Thread 0x000001bb975a5800 Uncommon trap: reason=class_check action=maybe_recompile pc=0x000001bba78190d0 method=java.util.HashMap.putVal(ILjava/lang/Object;Ljava/lang/Object;ZZ)Ljava/lang/Object; @ 91 c2
Event: 0.453 Thread 0x000001bb975a5800 DEOPT PACKING pc=0x000001bba78190d0 sp=0x00000036638f9820
Event: 0.453 Thread 0x000001bb975a5800 DEOPT UNPACKING pc=0x000001bb9fd6a1af sp=0x00000036638f97b0 mode 2
Event: 0.463 Thread 0x000001bb975a5800 DEOPT PACKING pc=0x000001bba03108e8 sp=0x00000036638f9260
Event: 0.463 Thread 0x000001bb975a5800 DEOPT UNPACKING pc=0x000001bb9fd6a95e sp=0x00000036638f8730 mode 0
Event: 0.470 Thread 0x000001bb975a5800 DEOPT PACKING pc=0x000001bba03967a2 sp=0x00000036638f86f0
Event: 0.470 Thread 0x000001bb975a5800 DEOPT UNPACKING pc=0x000001bb9fd6a95e sp=0x00000036638f7b58 mode 0
Event: 0.482 Thread 0x000001bb975a5800 Uncommon trap: trap_request=0xffffffde fr.pc=0x000001bba7819184 relative=0x0000000000000f64
Event: 0.482 Thread 0x000001bb975a5800 Uncommon trap: reason=class_check action=maybe_recompile pc=0x000001bba7819184 method=java.util.HashMap.putVal(ILjava/lang/Object;Ljava/lang/Object;ZZ)Ljava/lang/Object; @ 203 c2
Event: 0.482 Thread 0x000001bb975a5800 DEOPT PACKING pc=0x000001bba7819184 sp=0x00000036638fa510
Event: 0.482 Thread 0x000001bb975a5800 DEOPT UNPACKING pc=0x000001bb9fd6a1af sp=0x00000036638fa4a0 mode 2
Event: 0.498 Thread 0x000001bb975a5800 DEOPT PACKING pc=0x000001bba03141d0 sp=0x00000036638f6b90
Event: 0.498 Thread 0x000001bb975a5800 DEOPT UNPACKING pc=0x000001bb9fd6a95e sp=0x00000036638f6030 mode 0

Classes redefined (0 events):
No events

Internal exceptions (3 events):
Event: 0.211 Thread 0x000001bb975a5800 Exception <a 'java/lang/NoSuchMethodError'{0x00000000ffc5e2a0}: 'int java.lang.invoke.DirectMethodHandle$Holder.invokeStaticInit(java.lang.Object, java.lang.Object)'> (0x00000000ffc5e2a0) thrown at [./src/hotspot/share/interpreter/linkResolver.cpp, line 773]
Event: 0.245 Thread 0x000001bb975a5800 Exception <a 'java/lang/NoSuchMethodError'{0x00000000ffb31cc0}: 'int java.lang.invoke.DirectMethodHandle$Holder.invokeSpecial(java.lang.Object, java.lang.Object, java.lang.Object, java.lang.Object)'> (0x00000000ffb31cc0) thrown at [./src/hotspot/share/interpreter/linkResolver.cpp, line 773]
Event: 0.250 Thread 0x000001bb975a5800 Exception <a 'java/lang/NoSuchMethodError'{0x00000000ffb6a578}: 'int java.lang.invoke.DirectMethodHandle$Holder.invokeSpecialIFC(java.lang.Object, java.lang.Object, int)'> (0x00000000ffb6a578) thrown at [./src/hotspot/share/interpreter/linkResolver.cpp, line 773]

Events (20 events):
Event: 0.472 loading class java/util/concurrent/LinkedBlockingQueue$Node
Event: 0.472 loading class java/util/concurrent/LinkedBlockingQueue$Node done
Event: 0.472 loading class org/slf4j/helpers/NOPLoggerFactory
Event: 0.472 loading class org/slf4j/helpers/NOPLoggerFactory done
Event: 0.473 loading class org/slf4j/helpers/Util
Event: 0.473 loading class org/slf4j/helpers/Util done
Event: 0.473 loading class java/lang/SecurityException
Event: 0.473 loading class java/lang/SecurityException done
Event: 0.474 loading class java/util/Collections$EmptyEnumeration
Event: 0.474 loading class java/util/Collections$EmptyEnumeration done
Event: 0.474 loading class jdk/internal/loader/BuiltinClassLoader$1
Event: 0.474 loading class jdk/internal/loader/BuiltinClassLoader$1 done
Event: 0.474 loading class java/lang/CompoundEnumeration
Event: 0.474 loading class java/lang/CompoundEnumeration done
Event: 0.474 loading class jdk/internal/loader/URLClassPath$1
Event: 0.474 loading class jdk/internal/loader/URLClassPath$1 done
Event: 0.474 loading class java/net/URLClassLoader$3
Event: 0.474 loading class java/net/URLClassLoader$3 done
Event: 0.474 loading class java/net/URLClassLoader$3$1
Event: 0.474 loading class java/net/URLClassLoader$3$1 done


Dynamic libraries:
0x00007ff69e0b0000 - 0x00007ff69e0bd000 	C:\Program Files\Microsoft\jdk-11.0.18.10-hotspot\bin\java.exe
0x00007ff8430f0000 - 0x00007ff8432e8000 	C:\Windows\SYSTEM32\ntdll.dll
0x00007ff842900000 - 0x00007ff8429bf000 	C:\Windows\System32\KERNEL32.DLL
0x00007ff840de0000 - 0x00007ff8410b2000 	C:\Windows\System32\KERNELBASE.dll
0x00007ff8408f0000 - 0x00007ff8409f0000 	C:\Windows\System32\ucrtbase.dll
0x00007ff820270000 - 0x00007ff820287000 	C:\Program Files\Microsoft\jdk-11.0.18.10-hotspot\bin\jli.dll
0x00007ff8200f0000 - 0x00007ff820105000 	C:\Program Files\Microsoft\jdk-11.0.18.10-hotspot\bin\VCRUNTIME140.dll
0x00007ff842a70000 - 0x00007ff842c11000 	C:\Windows\System32\USER32.dll
0x00007ff829450000 - 0x00007ff8296ea000 	C:\Windows\WinSxS\amd64_microsoft.windows.common-controls_6595b64144ccf1df_6.0.19041.1110_none_60b5254171f9507e\COMCTL32.dll
0x00007ff840a20000 - 0x00007ff840a42000 	C:\Windows\System32\win32u.dll
0x00007ff841910000 - 0x00007ff8419ae000 	C:\Windows\System32\msvcrt.dll
0x00007ff842270000 - 0x00007ff84229b000 	C:\Windows\System32\GDI32.dll
0x00007ff8407e0000 - 0x00007ff8408ef000 	C:\Windows\System32\gdi32full.dll
0x00007ff840d40000 - 0x00007ff840ddd000 	C:\Windows\System32\msvcp_win.dll
0x00007ff842340000 - 0x00007ff842372000 	C:\Windows\System32\IMM32.DLL
0x00007ff81dd60000 - 0x00007ff81ddfb000 	C:\Program Files\Microsoft\jdk-11.0.18.10-hotspot\bin\msvcp140.dll
0x00007ffffda70000 - 0x00007ffffe602000 	C:\Program Files\Microsoft\jdk-11.0.18.10-hotspot\bin\server\jvm.dll
0x00007ff841130000 - 0x00007ff8411de000 	C:\Windows\System32\ADVAPI32.dll
0x00007ff842d30000 - 0x00007ff842dcc000 	C:\Windows\System32\sechost.dll
0x00007ff842dd0000 - 0x00007ff842ef5000 	C:\Windows\System32\RPCRT4.dll
0x00007ff842330000 - 0x00007ff842338000 	C:\Windows\System32\PSAPI.DLL
0x00007ff82daf0000 - 0x00007ff82db17000 	C:\Windows\SYSTEM32\WINMM.dll
0x00007ff829ac0000 - 0x00007ff829ac9000 	C:\Windows\SYSTEM32\WSOCK32.dll
0x00007ff83ac30000 - 0x00007ff83ac3a000 	C:\Windows\SYSTEM32\VERSION.dll
0x00007ff842770000 - 0x00007ff8427db000 	C:\Windows\System32\WS2_32.dll
0x00007ff83e6a0000 - 0x00007ff83e6b2000 	C:\Windows\SYSTEM32\kernel.appcore.dll
0x00007ff820180000 - 0x00007ff820190000 	C:\Program Files\Microsoft\jdk-11.0.18.10-hotspot\bin\verify.dll
0x00007ff8399c0000 - 0x00007ff839ba4000 	C:\Windows\SYSTEM32\DBGHELP.DLL
0x00007ff82cc80000 - 0x00007ff82ccb5000 	C:\Windows\SYSTEM32\dbgcore.DLL
0x00007ff840cb0000 - 0x00007ff840d32000 	C:\Windows\System32\bcryptPrimitives.dll
0x00007ff81dcb0000 - 0x00007ff81dcd8000 	C:\Program Files\Microsoft\jdk-11.0.18.10-hotspot\bin\java.dll
0x00007ff8200a0000 - 0x00007ff8200aa000 	C:\Program Files\Microsoft\jdk-11.0.18.10-hotspot\bin\jimage.dll
0x00007ff81dd40000 - 0x00007ff81dd58000 	C:\Program Files\Microsoft\jdk-11.0.18.10-hotspot\bin\zip.dll
0x00007ff8419b0000 - 0x00007ff8420f4000 	C:\Windows\System32\SHELL32.dll
0x00007ff83e8a0000 - 0x00007ff83f032000 	C:\Windows\SYSTEM32\windows.storage.dll
0x00007ff842390000 - 0x00007ff8426e5000 	C:\Windows\System32\combase.dll
0x00007ff840240000 - 0x00007ff840270000 	C:\Windows\SYSTEM32\Wldp.dll
0x00007ff8429c0000 - 0x00007ff842a6d000 	C:\Windows\System32\SHCORE.dll
0x00007ff841440000 - 0x00007ff841495000 	C:\Windows\System32\shlwapi.dll
0x00007ff840720000 - 0x00007ff84073f000 	C:\Windows\SYSTEM32\profapi.dll
0x00007ff81dc90000 - 0x00007ff81dca9000 	C:\Program Files\Microsoft\jdk-11.0.18.10-hotspot\bin\net.dll
0x00007ff838ec0000 - 0x00007ff838fcc000 	C:\Windows\SYSTEM32\WINHTTP.dll
0x00007ff83ffa0000 - 0x00007ff84000a000 	C:\Windows\system32\mswsock.dll
0x00007ff81dc70000 - 0x00007ff81dc83000 	C:\Program Files\Microsoft\jdk-11.0.18.10-hotspot\bin\nio.dll

dbghelp: loaded successfully - version: 4.0.5 - missing functions: none
symbol engine: initialized successfully - sym options: 0x614 - pdb path: .;C:\Program Files\Microsoft\jdk-11.0.18.10-hotspot\bin;C:\Windows\SYSTEM32;C:\Windows\WinSxS\amd64_microsoft.windows.common-controls_6595b64144ccf1df_6.0.19041.1110_none_60b5254171f9507e;C:\Program Files\Microsoft\jdk-11.0.18.10-hotspot\bin\server

VM Arguments:
jvm_args: -Xmx64m -Xms64m -Dorg.gradle.appname=gradlew 
java_command: org.gradle.wrapper.GradleWrapperMain app:installDebug -PreactNativeDevServerPort=8081
java_class_path (initial): D:\TutorOfDragon\android\\gradle\wrapper\gradle-wrapper.jar
Launcher Type: SUN_STANDARD

[Global flags]
     intx CICompilerCount                          = 4                                         {product} {ergonomic}
     uint ConcGCThreads                            = 2                                         {product} {ergonomic}
     uint G1ConcRefinementThreads                  = 8                                         {product} {ergonomic}
   size_t G1HeapRegionSize                         = 1048576                                   {product} {ergonomic}
    uintx GCDrainStackTargetSize                   = 64                                        {product} {ergonomic}
   size_t InitialHeapSize                          = 67108864                                  {product} {command line}
   size_t MarkStackSize                            = 4194304                                   {product} {ergonomic}
   size_t MaxHeapSize                              = 67108864                                  {product} {command line}
   size_t MaxNewSize                               = 39845888                                  {product} {ergonomic}
   size_t MinHeapDeltaBytes                        = 1048576                                   {product} {ergonomic}
    uintx NonNMethodCodeHeapSize                   = 5836300                                {pd product} {ergonomic}
    uintx NonProfiledCodeHeapSize                  = 122910970                              {pd product} {ergonomic}
    uintx ProfiledCodeHeapSize                     = 122910970                              {pd product} {ergonomic}
    uintx ReservedCodeCacheSize                    = 251658240                              {pd product} {ergonomic}
     bool SegmentedCodeCache                       = true                                      {product} {ergonomic}
     bool UseCompressedClassPointers               = true                                 {lp64_product} {ergonomic}
     bool UseCompressedOops                        = true                                 {lp64_product} {ergonomic}
     bool UseG1GC                                  = true                                      {product} {ergonomic}
     bool UseLargePagesIndividualAllocation        = false                                  {pd product} {ergonomic}

Logging:
Log output configuration:
 #0: stdout all=warning uptime,level,tags
 #1: stderr all=off uptime,level,tags

Environment Variables:
JAVA_HOME=C:\Program Files\Microsoft\jdk-11.0.18.10-hotspot\
CLASSPATH=D:\TutorOfDragon\android\\gradle\wrapper\gradle-wrapper.jar
PATH=D:\TutorOfDragon\android\node_modules\.bin;D:\TutorOfDragon\node_modules\.bin;D:\node_modules\.bin;C:\Program Files\nodejs;D:\TutorOfDragon\android\node_modules\.bin;D:\TutorOfDragon\node_modules\.bin;D:\node_modules\.bin;C:\Program Files\nodejs\node_modules\npm\node_modules\@npmcli\run-script\lib\node-gyp-bin;D:\TutorOfDragon\node_modules\.bin;C:\Users\Bilal\bin;C:\Program Files\Git\mingw64\bin;C:\Program Files\Git\usr\local\bin;C:\Program Files\Git\usr\bin;C:\Program Files\Git\usr\bin;C:\Program Files\Git\mingw64\bin;C:\Program Files\Git\usr\bin;C:\Users\Bilal\bin;C:\Program Files\Microsoft\jdk-11.0.18.10-hotspot\bin;C:\Program Files\Common Files\Oracle\Java\javapath;C:\Program Files (x86)\Common Files\Oracle\Java\javapath;C:\Windows\system32;C:\Windows;C:\Windows\System32\Wbem;C:\Windows\System32\WindowsPowerShell\v1.0;C:\Windows\System32\OpenSSH;C:\xampp\php;C:\ProgramData\ComposerSetup\bin;C:\Program Files\Git\cmd;C:\ProgramData\chocolatey\bin;C:\Program Files\PuTTY;C:\Program Files\dotnet;C:\Users\Bilal\AppData\Roaming\nvm;C:\Program Files\nodejs;C:\laragon\bin\php\php-7.4.33-Win32-vc15-x64;C:\Program Files\nodejs;C:\laragon\bin;C:\laragon\bin\apache\httpd-2.4.54-win64-VS16\bin;C:\laragon\bin\composer;C:\laragon\bin\git\bin;C:\laragon\bin\git\cmd;C:\laragon\bin\git\mingw64\bin;C:\laragon\bin\git\usr\bin;C:\laragon\bin\laragon\utils;C:\laragon\bin\mysql\mysql-8.0.30-winx64\bin;C:\laragon\bin\nginx\nginx-1.22.0;C:\laragon\bin\ngrok;C:\laragon\bin\nodejs\node-v18;C:\laragon\bin\notepad++;C:\laragon\bin\php\php-8.1.10-Win32-vs16-x64;C:\laragon\bin\python\python-3.10;C:\laragon\bin\python\python-3.10\Scripts;C:\laragon\bin\redis\redis-x64-5.0.14.1;C:\laragon\bin\telnet;C:\laragon\usr\bin;C:\Users\Bilal\AppData\Local\Yarn\config\global\node_modules\.bin;C:\Users\Bilal\AppData\Roaming\Composer\vendor\bin;C:\Users\Bilal\AppData\Roaming\npm;C:\Users\Bilal\AppData\Local\Programs\Python\Python311\Scripts;C:\Users\Bilal\AppData\Local\Programs\Python\Python311;C:\Users\B
USERNAME=Bilal
SHELL=C:\Program Files\Git\usr\bin\bash.exe
DISPLAY=needs-to-be-defined
LANG=en_US.UTF-8
TERM=xterm-256color
TMPDIR=C:\Users\Bilal\AppData\Local\Temp
OS=Windows_NT
PROCESSOR_IDENTIFIER=Intel64 Family 6 Model 142 Stepping 12, GenuineIntel
TMP=C:\Users\Bilal\AppData\Local\Temp
TEMP=C:\Users\Bilal\AppData\Local\Temp



---------------  S Y S T E M  ---------------

OS: Windows 10 , 64 bit Build 19041 (10.0.19041.2364)
OS uptime: 0 days 0:38 hours

CPU:total 8 (initial active 8) (4 cores per cpu, 2 threads per core) family 6 model 142 stepping 12 microcode 0xf0, cmov, cx8, fxsr, mmx, sse, sse2, sse3, ssse3, sse4.1, sse4.2, popcnt, avx, avx2, aes, clmul, erms, 3dnowpref, lzcnt, ht, tsc, tscinvbit, bmi1, bmi2, adx, fma

Memory: 4k page, system-wide physical 12148M (1963M free)
TotalPageFile size 14496M (AvailPageFile size 3M)
current process WorkingSet (physical memory assigned to process): 64M, peak: 64M
current process commit charge ("private bytes"): 148M, peak: 148M

vm_info: OpenJDK 64-Bit Server VM (11.0.18+10-LTS) for windows-amd64 JRE (11.0.18+10-LTS), built on Jan 18 2023 15:56:47 by "MicrosoftCorporation" with MS VC++ 15.9 (VS2017)

END.
