#
# A fatal error has been detected by the Java Runtime Environment:
#
#  EXCEPTION_ACCESS_VIOLATION (0xc0000005) at pc=0x0000000000000000, pid=12808, tid=20584
#
# JRE version:  (11.0.18+10) (build )
# Java VM: OpenJDK 64-Bit Server VM (11.0.18+10-LTS, mixed mode, tiered, compressed oops, g1 gc, windows-amd64)
# Problematic frame:
# C  0x0000000000000000
#
# No core dump will be written. Minidumps are not enabled by default on client versions of Windows
#
# The crash happened outside the Java Virtual Machine in native code.
# See problematic frame for where to report the bug.
#

---------------  S U M M A R Y ------------

Command Line: -Xmx64m -Xms64m -Dorg.gradle.appname=gradlew org.gradle.wrapper.GradleWrapperMain app:installDebug -PreactNativeDevServerPort=8081

Host: Intel(R) Core(TM) i7-8565U CPU @ 1.80GHz, 8 cores, 11G,  Windows 10 , 64 bit Build 19041 (10.0.19041.2364)
Time: Fri Feb 10 15:21:12 2023 Pakistan Standard Time elapsed time: 0.041040 seconds (0d 0h 0m 0s)

---------------  T H R E A D  ---------------

Current thread (0x00000177a9a16000):  JavaThread "main" [_thread_in_native, id=20584, stack(0x0000001a44e00000,0x0000001a44f00000)]

Stack: [0x0000001a44e00000,0x0000001a44f00000],  sp=0x0000001a44efe7e8,  free space=1017k
Native frames: (J=compiled Java code, j=interpreted, Vv=VM code, C=native code)

Java frames: (J=compiled Java code, j=interpreted, Vv=VM code)
j  java.lang.System.initProperties(Ljava/util/Properties;)Ljava/util/Properties;+0 java.base
j  java.lang.System.initPhase1()V+15 java.base
v  ~StubRoutines::call_stub

siginfo: EXCEPTION_ACCESS_VIOLATION (0xc0000005), data execution prevention violation at address 0x0000000000000000


Register to memory mapping:

RIP=0x0 is NULL
RAX=0x0 is NULL
RBX=0x0 is NULL
RCX=0x0 is NULL
RDX=0x0000000000004028 is an unknown value
RSP=0x0000001a44efe7e8 is pointing into the stack for thread: 0x00000177a9a16000
RBP=0x0000001a44efeb60 is pointing into the stack for thread: 0x00000177a9a16000
RSI=0x000000000000000a is an unknown value
RDI=0x00000177c48cac01 points into unknown readable memory: 00 00 00 00 00 00 00
R8 =0x0 is NULL
R9 =0x0 is NULL
R10=0x0000001a44efe200 is pointing into the stack for thread: 0x00000177a9a16000
R11=0x00000000000000aa is an unknown value
R12=0x0000000000000744 is an unknown value
R13=0x0000000000000001 is an unknown value
R14=0x0000000000000001 is an unknown value
R15=0x0000000000004a61 is an unknown value


Registers:
RAX=0x0000000000000000, RBX=0x0000000000000000, RCX=0x0000000000000000, RDX=0x0000000000004028
RSP=0x0000001a44efe7e8, RBP=0x0000001a44efeb60, RSI=0x000000000000000a, RDI=0x00000177c48cac01
R8 =0x0000000000000000, R9 =0x0000000000000000, R10=0x0000001a44efe200, R11=0x00000000000000aa
R12=0x0000000000000744, R13=0x0000000000000001, R14=0x0000000000000001, R15=0x0000000000004a61
RIP=0x0000000000000000, EFLAGS=0x0000000000010206

Top of Stack: (sp=0x0000001a44efe7e8)
0x0000001a44efe7e8:   00007ff81dcbcd67 0000000000000000
0x0000001a44efe7f8:   0000000000004028 0000000000000000
0x0000001a44efe808:   0000000000000000 0000001a44efe830
0x0000001a44efe818:   00007ff84311b86b 0000000080004005
0x0000001a44efe828:   00000000000000d6 00000177a9a768d0
0x0000001a44efe838:   00000177c48cacb0 0000000043210000
0x0000001a44efe848:   0000000000000000 0000000000000000
0x0000001a44efe858:   00000177a78f1140 00007ff8432123b0
0x0000001a44efe868:   00000177a78f0000 00000177a78f02a8
0x0000001a44efe878:   0000000000360034 0000000000000020
0x0000001a44efe888:   00000177a78f0cc0 0000000000000000
0x0000001a44efe898:   0000000000000000 0000000000000000
0x0000001a44efe8a8:   0000000000000020 000000000000000c
0x0000001a44efe8b8:   0000000000000004 00000177a77f0000
0x0000001a44efe8c8:   0000001a44efe989 0000000000000002
0x0000001a44efe8d8:   00007ff84311b3c7 00000177a78f0000 

Instructions: (pc=0x0000000000000000)
0xffffffffffffff00:   


Stack slot to memory mapping:
stack at sp + 0 slots: 0x00007ff81dcbcd67 java.dll
stack at sp + 1 slots: 0x0 is NULL
stack at sp + 2 slots: 0x0000000000004028 is an unknown value
stack at sp + 3 slots: 0x0 is NULL
stack at sp + 4 slots: 0x0 is NULL
stack at sp + 5 slots: 0x0000001a44efe830 is pointing into the stack for thread: 0x00000177a9a16000
stack at sp + 6 slots: 0x00007ff84311b86b ntdll.dll
stack at sp + 7 slots: 0x0000000080004005 is an unknown value


---------------  P R O C E S S  ---------------

Threads class SMR info:
_java_thread_list=0x00000177c48bc180, length=3, elements={
0x00000177a9a16000, 0x00000177c48be000, 0x00000177c48c7800
}

Java Threads: ( => current thread )
=>0x00000177a9a16000 JavaThread "main" [_thread_in_native, id=20584, stack(0x0000001a44e00000,0x0000001a44f00000)]
  0x00000177c48be000 JavaThread "Reference Handler" daemon [_thread_blocked, id=15344, stack(0x0000001a45500000,0x0000001a45600000)]
  0x00000177c48c7800 JavaThread "Finalizer" daemon [_thread_blocked, id=7684, stack(0x0000001a45600000,0x0000001a45700000)]

Other Threads:
  0x00000177c4894000 VMThread "VM Thread" [stack: 0x0000001a45400000,0x0000001a45500000] [id=4456]
  0x00000177a9a30000 GCTaskThread "GC Thread#0" [stack: 0x0000001a44f00000,0x0000001a45000000] [id=1484]
  0x00000177a9a37800 ConcurrentGCThread "G1 Main Marker" [stack: 0x0000001a45000000,0x0000001a45100000] [id=19220]
  0x00000177a9a38800 ConcurrentGCThread "G1 Conc#0" [stack: 0x0000001a45100000,0x0000001a45200000] [id=15976]
  0x00000177a9a9f000 ConcurrentGCThread "G1 Refine#0" [stack: 0x0000001a45200000,0x0000001a45300000] [id=1540]
  0x00000177a9aa0000 ConcurrentGCThread "G1 Young RemSet Sampling" [stack: 0x0000001a45300000,0x0000001a45400000] [id=19012]

Threads with active compile tasks:

VM state:not at safepoint (normal execution)

VM Mutex/Monitor currently owned by a thread: None

Heap address: 0x00000000fc000000, size: 64 MB, Compressed Oops mode: 32-bit
Narrow klass base: 0x0000000000000000, Narrow klass shift: 3
Compressed class space size: 1073741824 Address: 0x0000000100000000

Heap:
 garbage-first heap   total 65536K, used 0K [0x00000000fc000000, 0x0000000100000000)
  region size 1024K, 1 young (1024K), 0 survivors (0K)
 Metaspace       used 1503K, capacity 1800K, committed 1920K, reserved 1062912K
  class space    used 116K, capacity 384K, committed 384K, reserved 1048576K
Heap Regions: E=young(eden), S=young(survivor), O=old, HS=humongous(starts), HC=humongous(continues), CS=collection set, F=free, A=archive, TAMS=top-at-mark-start (previous, next)
|   0|0x00000000fc000000, 0x00000000fc000000, 0x00000000fc100000|  0%| F|  |TAMS 0x00000000fc000000, 0x00000000fc000000| Untracked 
|   1|0x00000000fc100000, 0x00000000fc100000, 0x00000000fc200000|  0%| F|  |TAMS 0x00000000fc100000, 0x00000000fc100000| Untracked 
|   2|0x00000000fc200000, 0x00000000fc200000, 0x00000000fc300000|  0%| F|  |TAMS 0x00000000fc200000, 0x00000000fc200000| Untracked 
|   3|0x00000000fc300000, 0x00000000fc300000, 0x00000000fc400000|  0%| F|  |TAMS 0x00000000fc300000, 0x00000000fc300000| Untracked 
|   4|0x00000000fc400000, 0x00000000fc400000, 0x00000000fc500000|  0%| F|  |TAMS 0x00000000fc400000, 0x00000000fc400000| Untracked 
|   5|0x00000000fc500000, 0x00000000fc500000, 0x00000000fc600000|  0%| F|  |TAMS 0x00000000fc500000, 0x00000000fc500000| Untracked 
|   6|0x00000000fc600000, 0x00000000fc600000, 0x00000000fc700000|  0%| F|  |TAMS 0x00000000fc600000, 0x00000000fc600000| Untracked 
|   7|0x00000000fc700000, 0x00000000fc700000, 0x00000000fc800000|  0%| F|  |TAMS 0x00000000fc700000, 0x00000000fc700000| Untracked 
|   8|0x00000000fc800000, 0x00000000fc800000, 0x00000000fc900000|  0%| F|  |TAMS 0x00000000fc800000, 0x00000000fc800000| Untracked 
|   9|0x00000000fc900000, 0x00000000fc900000, 0x00000000fca00000|  0%| F|  |TAMS 0x00000000fc900000, 0x00000000fc900000| Untracked 
|  10|0x00000000fca00000, 0x00000000fca00000, 0x00000000fcb00000|  0%| F|  |TAMS 0x00000000fca00000, 0x00000000fca00000| Untracked 
|  11|0x00000000fcb00000, 0x00000000fcb00000, 0x00000000fcc00000|  0%| F|  |TAMS 0x00000000fcb00000, 0x00000000fcb00000| Untracked 
|  12|0x00000000fcc00000, 0x00000000fcc00000, 0x00000000fcd00000|  0%| F|  |TAMS 0x00000000fcc00000, 0x00000000fcc00000| Untracked 
|  13|0x00000000fcd00000, 0x00000000fcd00000, 0x00000000fce00000|  0%| F|  |TAMS 0x00000000fcd00000, 0x00000000fcd00000| Untracked 
|  14|0x00000000fce00000, 0x00000000fce00000, 0x00000000fcf00000|  0%| F|  |TAMS 0x00000000fce00000, 0x00000000fce00000| Untracked 
|  15|0x00000000fcf00000, 0x00000000fcf00000, 0x00000000fd000000|  0%| F|  |TAMS 0x00000000fcf00000, 0x00000000fcf00000| Untracked 
|  16|0x00000000fd000000, 0x00000000fd000000, 0x00000000fd100000|  0%| F|  |TAMS 0x00000000fd000000, 0x00000000fd000000| Untracked 
|  17|0x00000000fd100000, 0x00000000fd100000, 0x00000000fd200000|  0%| F|  |TAMS 0x00000000fd100000, 0x00000000fd100000| Untracked 
|  18|0x00000000fd200000, 0x00000000fd200000, 0x00000000fd300000|  0%| F|  |TAMS 0x00000000fd200000, 0x00000000fd200000| Untracked 
|  19|0x00000000fd300000, 0x00000000fd300000, 0x00000000fd400000|  0%| F|  |TAMS 0x00000000fd300000, 0x00000000fd300000| Untracked 
|  20|0x00000000fd400000, 0x00000000fd400000, 0x00000000fd500000|  0%| F|  |TAMS 0x00000000fd400000, 0x00000000fd400000| Untracked 
|  21|0x00000000fd500000, 0x00000000fd500000, 0x00000000fd600000|  0%| F|  |TAMS 0x00000000fd500000, 0x00000000fd500000| Untracked 
|  22|0x00000000fd600000, 0x00000000fd600000, 0x00000000fd700000|  0%| F|  |TAMS 0x00000000fd600000, 0x00000000fd600000| Untracked 
|  23|0x00000000fd700000, 0x00000000fd700000, 0x00000000fd800000|  0%| F|  |TAMS 0x00000000fd700000, 0x00000000fd700000| Untracked 
|  24|0x00000000fd800000, 0x00000000fd800000, 0x00000000fd900000|  0%| F|  |TAMS 0x00000000fd800000, 0x00000000fd800000| Untracked 
|  25|0x00000000fd900000, 0x00000000fd900000, 0x00000000fda00000|  0%| F|  |TAMS 0x00000000fd900000, 0x00000000fd900000| Untracked 
|  26|0x00000000fda00000, 0x00000000fda00000, 0x00000000fdb00000|  0%| F|  |TAMS 0x00000000fda00000, 0x00000000fda00000| Untracked 
|  27|0x00000000fdb00000, 0x00000000fdb00000, 0x00000000fdc00000|  0%| F|  |TAMS 0x00000000fdb00000, 0x00000000fdb00000| Untracked 
|  28|0x00000000fdc00000, 0x00000000fdc00000, 0x00000000fdd00000|  0%| F|  |TAMS 0x00000000fdc00000, 0x00000000fdc00000| Untracked 
|  29|0x00000000fdd00000, 0x00000000fdd00000, 0x00000000fde00000|  0%| F|  |TAMS 0x00000000fdd00000, 0x00000000fdd00000| Untracked 
|  30|0x00000000fde00000, 0x00000000fde00000, 0x00000000fdf00000|  0%| F|  |TAMS 0x00000000fde00000, 0x00000000fde00000| Untracked 
|  31|0x00000000fdf00000, 0x00000000fdf00000, 0x00000000fe000000|  0%| F|  |TAMS 0x00000000fdf00000, 0x00000000fdf00000| Untracked 
|  32|0x00000000fe000000, 0x00000000fe000000, 0x00000000fe100000|  0%| F|  |TAMS 0x00000000fe000000, 0x00000000fe000000| Untracked 
|  33|0x00000000fe100000, 0x00000000fe100000, 0x00000000fe200000|  0%| F|  |TAMS 0x00000000fe100000, 0x00000000fe100000| Untracked 
|  34|0x00000000fe200000, 0x00000000fe200000, 0x00000000fe300000|  0%| F|  |TAMS 0x00000000fe200000, 0x00000000fe200000| Untracked 
|  35|0x00000000fe300000, 0x00000000fe300000, 0x00000000fe400000|  0%| F|  |TAMS 0x00000000fe300000, 0x00000000fe300000| Untracked 
|  36|0x00000000fe400000, 0x00000000fe400000, 0x00000000fe500000|  0%| F|  |TAMS 0x00000000fe400000, 0x00000000fe400000| Untracked 
|  37|0x00000000fe500000, 0x00000000fe500000, 0x00000000fe600000|  0%| F|  |TAMS 0x00000000fe500000, 0x00000000fe500000| Untracked 
|  38|0x00000000fe600000, 0x00000000fe600000, 0x00000000fe700000|  0%| F|  |TAMS 0x00000000fe600000, 0x00000000fe600000| Untracked 
|  39|0x00000000fe700000, 0x00000000fe700000, 0x00000000fe800000|  0%| F|  |TAMS 0x00000000fe700000, 0x00000000fe700000| Untracked 
|  40|0x00000000fe800000, 0x00000000fe800000, 0x00000000fe900000|  0%| F|  |TAMS 0x00000000fe800000, 0x00000000fe800000| Untracked 
|  41|0x00000000fe900000, 0x00000000fe900000, 0x00000000fea00000|  0%| F|  |TAMS 0x00000000fe900000, 0x00000000fe900000| Untracked 
|  42|0x00000000fea00000, 0x00000000fea00000, 0x00000000feb00000|  0%| F|  |TAMS 0x00000000fea00000, 0x00000000fea00000| Untracked 
|  43|0x00000000feb00000, 0x00000000feb00000, 0x00000000fec00000|  0%| F|  |TAMS 0x00000000feb00000, 0x00000000feb00000| Untracked 
|  44|0x00000000fec00000, 0x00000000fec00000, 0x00000000fed00000|  0%| F|  |TAMS 0x00000000fec00000, 0x00000000fec00000| Untracked 
|  45|0x00000000fed00000, 0x00000000fed00000, 0x00000000fee00000|  0%| F|  |TAMS 0x00000000fed00000, 0x00000000fed00000| Untracked 
|  46|0x00000000fee00000, 0x00000000fee00000, 0x00000000fef00000|  0%| F|  |TAMS 0x00000000fee00000, 0x00000000fee00000| Untracked 
|  47|0x00000000fef00000, 0x00000000fef00000, 0x00000000ff000000|  0%| F|  |TAMS 0x00000000fef00000, 0x00000000fef00000| Untracked 
|  48|0x00000000ff000000, 0x00000000ff000000, 0x00000000ff100000|  0%| F|  |TAMS 0x00000000ff000000, 0x00000000ff000000| Untracked 
|  49|0x00000000ff100000, 0x00000000ff100000, 0x00000000ff200000|  0%| F|  |TAMS 0x00000000ff100000, 0x00000000ff100000| Untracked 
|  50|0x00000000ff200000, 0x00000000ff200000, 0x00000000ff300000|  0%| F|  |TAMS 0x00000000ff200000, 0x00000000ff200000| Untracked 
|  51|0x00000000ff300000, 0x00000000ff300000, 0x00000000ff400000|  0%| F|  |TAMS 0x00000000ff300000, 0x00000000ff300000| Untracked 
|  52|0x00000000ff400000, 0x00000000ff400000, 0x00000000ff500000|  0%| F|  |TAMS 0x00000000ff400000, 0x00000000ff400000| Untracked 
|  53|0x00000000ff500000, 0x00000000ff500000, 0x00000000ff600000|  0%| F|  |TAMS 0x00000000ff500000, 0x00000000ff500000| Untracked 
|  54|0x00000000ff600000, 0x00000000ff600000, 0x00000000ff700000|  0%| F|  |TAMS 0x00000000ff600000, 0x00000000ff600000| Untracked 
|  55|0x00000000ff700000, 0x00000000ff700000, 0x00000000ff800000|  0%| F|  |TAMS 0x00000000ff700000, 0x00000000ff700000| Untracked 
|  56|0x00000000ff800000, 0x00000000ff800000, 0x00000000ff900000|  0%| F|  |TAMS 0x00000000ff800000, 0x00000000ff800000| Untracked 
|  57|0x00000000ff900000, 0x00000000ff900000, 0x00000000ffa00000|  0%| F|  |TAMS 0x00000000ff900000, 0x00000000ff900000| Untracked 
|  58|0x00000000ffa00000, 0x00000000ffa00000, 0x00000000ffb00000|  0%| F|  |TAMS 0x00000000ffa00000, 0x00000000ffa00000| Untracked 
|  59|0x00000000ffb00000, 0x00000000ffb00000, 0x00000000ffc00000|  0%| F|  |TAMS 0x00000000ffb00000, 0x00000000ffb00000| Untracked 
|  60|0x00000000ffc00000, 0x00000000ffc00000, 0x00000000ffd00000|  0%| F|  |TAMS 0x00000000ffc00000, 0x00000000ffc00000| Untracked 
|  61|0x00000000ffd00000, 0x00000000ffd00000, 0x00000000ffe00000|  0%| F|  |TAMS 0x00000000ffd00000, 0x00000000ffd00000| Untracked 
|  62|0x00000000ffe00000, 0x00000000ffe00000, 0x00000000fff00000|  0%| F|  |TAMS 0x00000000ffe00000, 0x00000000ffe00000| Untracked 
|  63|0x00000000fff00000, 0x00000000ffff5cf0, 0x0000000100000000| 96%| E|  |TAMS 0x00000000fff00000, 0x00000000fff00000| Complete 

Card table byte_map: [0x00000177a79d0000,0x00000177a79f0000] _byte_map_base: 0x00000177a71f0000

Marking Bits (Prev, Next): (CMBitMap*) 0x00000177a9a36338, (CMBitMap*) 0x00000177a9a36370
 Prev Bits: [0x00000177c14d0000, 0x00000177c15d0000)
 Next Bits: [0x00000177c15d0000, 0x00000177c16d0000)

Polling page: 0x00000177a7980000

Metaspace:

Usage:
  Non-class:      1.38 MB capacity,     1.35 MB ( 98%) used,    27.38 KB (  2%) free+waste,     1.50 KB ( <1%) overhead. 
      Class:    384.00 KB capacity,   116.23 KB ( 30%) used,   267.71 KB ( 70%) free+waste,    64 bytes ( <1%) overhead. 
       Both:      1.76 MB capacity,     1.47 MB ( 84%) used,   295.09 KB ( 16%) free+waste,     1.56 KB ( <1%) overhead. 

Virtual space:
  Non-class space:       14.00 MB reserved,       1.50 MB ( 11%) committed 
      Class space:        1.00 GB reserved,     384.00 KB ( <1%) committed 
             Both:        1.01 GB reserved,       1.88 MB ( <1%) committed 

Chunk freelists:
   Non-Class:  56.00 KB
       Class:  0 bytes
        Both:  56.00 KB

MaxMetaspaceSize: 17179869184.00 GB
CompressedClassSpaceSize: 1.00 GB
Initial GC threshold: 20.80 MB
Current GC threshold: 17179869184.00 GB
CDS: off

CodeHeap 'non-profiled nmethods': size=120000Kb used=0Kb max_used=0Kb free=120000Kb
 bounds [0x00000177b9c60000, 0x00000177b9ed0000, 0x00000177c1190000]
CodeHeap 'profiled nmethods': size=120000Kb used=0Kb max_used=0Kb free=120000Kb
 bounds [0x00000177b2730000, 0x00000177b29a0000, 0x00000177b9c60000]
CodeHeap 'non-nmethods': size=5760Kb used=363Kb max_used=363Kb free=5396Kb
 bounds [0x00000177b2190000, 0x00000177b2400000, 0x00000177b2730000]
 total_blobs=120 nmethods=0 adapters=93
 compilation: enabled
              stopped_count=0, restarted_count=0
 full_count=0

Compilation events (0 events):
No events

GC Heap History (0 events):
No events

Deoptimization events (0 events):
No events

Classes redefined (0 events):
No events

Internal exceptions (0 events):
No events

Events (20 events):
Event: 0.033 loading class jdk/internal/ref/Cleaner
Event: 0.033 loading class jdk/internal/ref/Cleaner done
Event: 0.033 loading class java/lang/ref/ReferenceQueue
Event: 0.033 loading class java/lang/ref/ReferenceQueue done
Event: 0.033 loading class java/lang/ref/ReferenceQueue$Null
Event: 0.033 loading class java/lang/ref/ReferenceQueue$Null done
Event: 0.033 loading class java/lang/ref/ReferenceQueue$Lock
Event: 0.033 loading class java/lang/ref/ReferenceQueue$Lock done
Event: 0.034 Thread 0x00000177c48be000 Thread added: 0x00000177c48be000
Event: 0.034 loading class java/lang/ref/Reference$1
Event: 0.034 loading class jdk/internal/misc/JavaLangRefAccess
Event: 0.034 loading class jdk/internal/misc/JavaLangRefAccess done
Event: 0.034 loading class java/lang/ref/Reference$1 done
Event: 0.034 loading class jdk/internal/misc/SharedSecrets
Event: 0.034 loading class jdk/internal/misc/SharedSecrets done
Event: 0.034 loading class java/lang/ref/Finalizer$FinalizerThread
Event: 0.034 loading class java/lang/ref/Finalizer$FinalizerThread done
Event: 0.034 Thread 0x00000177c48c7800 Thread added: 0x00000177c48c7800
Event: 0.034 loading class jdk/internal/misc/VM
Event: 0.034 loading class jdk/internal/misc/VM done


Dynamic libraries:
0x00007ff69e0b0000 - 0x00007ff69e0bd000 	C:\Program Files\Microsoft\jdk-11.0.18.10-hotspot\bin\java.exe
0x00007ff8430f0000 - 0x00007ff8432e8000 	C:\Windows\SYSTEM32\ntdll.dll
0x00007ff842900000 - 0x00007ff8429bf000 	C:\Windows\System32\KERNEL32.DLL
0x00007ff840de0000 - 0x00007ff8410b2000 	C:\Windows\System32\KERNELBASE.dll
0x00007ff8408f0000 - 0x00007ff8409f0000 	C:\Windows\System32\ucrtbase.dll
0x00007ff820270000 - 0x00007ff820287000 	C:\Program Files\Microsoft\jdk-11.0.18.10-hotspot\bin\jli.dll
0x00007ff842a70000 - 0x00007ff842c11000 	C:\Windows\System32\USER32.dll
0x00007ff840a20000 - 0x00007ff840a42000 	C:\Windows\System32\win32u.dll
0x00007ff842270000 - 0x00007ff84229b000 	C:\Windows\System32\GDI32.dll
0x00007ff8407e0000 - 0x00007ff8408ef000 	C:\Windows\System32\gdi32full.dll
0x00007ff840d40000 - 0x00007ff840ddd000 	C:\Windows\System32\msvcp_win.dll
0x00007ff8200f0000 - 0x00007ff820105000 	C:\Program Files\Microsoft\jdk-11.0.18.10-hotspot\bin\VCRUNTIME140.dll
0x00007ff829450000 - 0x00007ff8296ea000 	C:\Windows\WinSxS\amd64_microsoft.windows.common-controls_6595b64144ccf1df_6.0.19041.1110_none_60b5254171f9507e\COMCTL32.dll
0x00007ff841910000 - 0x00007ff8419ae000 	C:\Windows\System32\msvcrt.dll
0x00007ff842340000 - 0x00007ff842372000 	C:\Windows\System32\IMM32.DLL
0x00007ff81dd60000 - 0x00007ff81ddfb000 	C:\Program Files\Microsoft\jdk-11.0.18.10-hotspot\bin\msvcp140.dll
0x00007ffffda70000 - 0x00007ffffe602000 	C:\Program Files\Microsoft\jdk-11.0.18.10-hotspot\bin\server\jvm.dll
0x00007ff841130000 - 0x00007ff8411de000 	C:\Windows\System32\ADVAPI32.dll
0x00007ff842d30000 - 0x00007ff842dcc000 	C:\Windows\System32\sechost.dll
0x00007ff842dd0000 - 0x00007ff842ef5000 	C:\Windows\System32\RPCRT4.dll
0x00007ff842330000 - 0x00007ff842338000 	C:\Windows\System32\PSAPI.DLL
0x00007ff829ac0000 - 0x00007ff829ac9000 	C:\Windows\SYSTEM32\WSOCK32.dll
0x00007ff842770000 - 0x00007ff8427db000 	C:\Windows\System32\WS2_32.dll
0x00007ff83ac30000 - 0x00007ff83ac3a000 	C:\Windows\SYSTEM32\VERSION.dll
0x00007ff82daf0000 - 0x00007ff82db17000 	C:\Windows\SYSTEM32\WINMM.dll
0x00007ff83e6a0000 - 0x00007ff83e6b2000 	C:\Windows\SYSTEM32\kernel.appcore.dll
0x00007ff820180000 - 0x00007ff820190000 	C:\Program Files\Microsoft\jdk-11.0.18.10-hotspot\bin\verify.dll
0x00007ff8399c0000 - 0x00007ff839ba4000 	C:\Windows\SYSTEM32\DBGHELP.DLL
0x00007ff82cc80000 - 0x00007ff82ccb5000 	C:\Windows\SYSTEM32\dbgcore.DLL
0x00007ff840cb0000 - 0x00007ff840d32000 	C:\Windows\System32\bcryptPrimitives.dll
0x00007ff81dcb0000 - 0x00007ff81dcd8000 	C:\Program Files\Microsoft\jdk-11.0.18.10-hotspot\bin\java.dll
0x00007ff8200a0000 - 0x00007ff8200aa000 	C:\Program Files\Microsoft\jdk-11.0.18.10-hotspot\bin\jimage.dll
0x00007ff81dd40000 - 0x00007ff81dd58000 	C:\Program Files\Microsoft\jdk-11.0.18.10-hotspot\bin\zip.dll

dbghelp: loaded successfully - version: 4.0.5 - missing functions: none
symbol engine: initialized successfully - sym options: 0x614 - pdb path: .;C:\Program Files\Microsoft\jdk-11.0.18.10-hotspot\bin;C:\Windows\SYSTEM32;C:\Windows\WinSxS\amd64_microsoft.windows.common-controls_6595b64144ccf1df_6.0.19041.1110_none_60b5254171f9507e;C:\Program Files\Microsoft\jdk-11.0.18.10-hotspot\bin\server

VM Arguments:
jvm_args: -Xmx64m -Xms64m -Dorg.gradle.appname=gradlew 
java_command: org.gradle.wrapper.GradleWrapperMain app:installDebug -PreactNativeDevServerPort=8081
java_class_path (initial): D:\TutorOfDragon\android\\gradle\wrapper\gradle-wrapper.jar
Launcher Type: SUN_STANDARD

[Global flags]
     intx CICompilerCount                          = 4                                         {product} {ergonomic}
     uint ConcGCThreads                            = 2                                         {product} {ergonomic}
     uint G1ConcRefinementThreads                  = 8                                         {product} {ergonomic}
   size_t G1HeapRegionSize                         = 1048576                                   {product} {ergonomic}
    uintx GCDrainStackTargetSize                   = 64                                        {product} {ergonomic}
   size_t InitialHeapSize                          = 67108864                                  {product} {command line}
   size_t MarkStackSize                            = 4194304                                   {product} {ergonomic}
   size_t MaxHeapSize                              = 67108864                                  {product} {command line}
   size_t MaxNewSize                               = 39845888                                  {product} {ergonomic}
   size_t MinHeapDeltaBytes                        = 1048576                                   {product} {ergonomic}
    uintx NonNMethodCodeHeapSize                   = 5836300                                {pd product} {ergonomic}
    uintx NonProfiledCodeHeapSize                  = 122910970                              {pd product} {ergonomic}
    uintx ProfiledCodeHeapSize                     = 122910970                              {pd product} {ergonomic}
    uintx ReservedCodeCacheSize                    = 251658240                              {pd product} {ergonomic}
     bool SegmentedCodeCache                       = true                                      {product} {ergonomic}
     bool UseCompressedClassPointers               = true                                 {lp64_product} {ergonomic}
     bool UseCompressedOops                        = true                                 {lp64_product} {ergonomic}
     bool UseG1GC                                  = true                                      {product} {ergonomic}
     bool UseLargePagesIndividualAllocation        = false                                  {pd product} {ergonomic}

Logging:
Log output configuration:
 #0: stdout all=warning uptime,level,tags
 #1: stderr all=off uptime,level,tags

Environment Variables:
JAVA_HOME=C:\Program Files\Microsoft\jdk-11.0.18.10-hotspot\
CLASSPATH=D:\TutorOfDragon\android\\gradle\wrapper\gradle-wrapper.jar
PATH=D:\TutorOfDragon\android\node_modules\.bin;D:\TutorOfDragon\node_modules\.bin;D:\node_modules\.bin;C:\Program Files\nodejs;D:\TutorOfDragon\android\node_modules\.bin;D:\TutorOfDragon\node_modules\.bin;D:\node_modules\.bin;C:\Program Files\nodejs\node_modules\npm\node_modules\@npmcli\run-script\lib\node-gyp-bin;D:\TutorOfDragon\node_modules\.bin;C:\Users\Bilal\bin;C:\Program Files\Git\mingw64\bin;C:\Program Files\Git\usr\local\bin;C:\Program Files\Git\usr\bin;C:\Program Files\Git\usr\bin;C:\Program Files\Git\mingw64\bin;C:\Program Files\Git\usr\bin;C:\Users\Bilal\bin;C:\Program Files\Microsoft\jdk-11.0.18.10-hotspot\bin;C:\Program Files\Common Files\Oracle\Java\javapath;C:\Program Files (x86)\Common Files\Oracle\Java\javapath;C:\Windows\system32;C:\Windows;C:\Windows\System32\Wbem;C:\Windows\System32\WindowsPowerShell\v1.0;C:\Windows\System32\OpenSSH;C:\xampp\php;C:\ProgramData\ComposerSetup\bin;C:\Program Files\Git\cmd;C:\ProgramData\chocolatey\bin;C:\Program Files\PuTTY;C:\Program Files\dotnet;C:\Users\Bilal\AppData\Roaming\nvm;C:\Program Files\nodejs;C:\laragon\bin\php\php-7.4.33-Win32-vc15-x64;C:\Program Files\nodejs;C:\laragon\bin;C:\laragon\bin\apache\httpd-2.4.54-win64-VS16\bin;C:\laragon\bin\composer;C:\laragon\bin\git\bin;C:\laragon\bin\git\cmd;C:\laragon\bin\git\mingw64\bin;C:\laragon\bin\git\usr\bin;C:\laragon\bin\laragon\utils;C:\laragon\bin\mysql\mysql-8.0.30-winx64\bin;C:\laragon\bin\nginx\nginx-1.22.0;C:\laragon\bin\ngrok;C:\laragon\bin\nodejs\node-v18;C:\laragon\bin\notepad++;C:\laragon\bin\php\php-8.1.10-Win32-vs16-x64;C:\laragon\bin\python\python-3.10;C:\laragon\bin\python\python-3.10\Scripts;C:\laragon\bin\redis\redis-x64-5.0.14.1;C:\laragon\bin\telnet;C:\laragon\usr\bin;C:\Users\Bilal\AppData\Local\Yarn\config\global\node_modules\.bin;C:\Users\Bilal\AppData\Roaming\Composer\vendor\bin;C:\Users\Bilal\AppData\Roaming\npm;C:\Users\Bilal\AppData\Local\Programs\Python\Python311\Scripts;C:\Users\Bilal\AppData\Local\Programs\Python\Python311;C:\Users\B
USERNAME=Bilal
SHELL=C:\Program Files\Git\usr\bin\bash.exe
DISPLAY=needs-to-be-defined
LANG=en_US.UTF-8
TERM=xterm-256color
TMPDIR=C:\Users\Bilal\AppData\Local\Temp
OS=Windows_NT
PROCESSOR_IDENTIFIER=Intel64 Family 6 Model 142 Stepping 12, GenuineIntel
TMP=C:\Users\Bilal\AppData\Local\Temp
TEMP=C:\Users\Bilal\AppData\Local\Temp



---------------  S Y S T E M  ---------------

OS: Windows 10 , 64 bit Build 19041 (10.0.19041.2364)
OS uptime: 0 days 0:37 hours

CPU:total 8 (initial active 8) (4 cores per cpu, 2 threads per core) family 6 model 142 stepping 12 microcode 0xf0, cmov, cx8, fxsr, mmx, sse, sse2, sse3, ssse3, sse4.1, sse4.2, popcnt, avx, avx2, aes, clmul, erms, 3dnowpref, lzcnt, ht, tsc, tscinvbit, bmi1, bmi2, adx, fma

Memory: 4k page, system-wide physical 12148M (2004M free)
TotalPageFile size 14496M (AvailPageFile size 3M)
current process WorkingSet (physical memory assigned to process): 18M, peak: 18M
current process commit charge ("private bytes"): 130M, peak: 131M

vm_info: OpenJDK 64-Bit Server VM (11.0.18+10-LTS) for windows-amd64 JRE (11.0.18+10-LTS), built on Jan 18 2023 15:56:47 by "MicrosoftCorporation" with MS VC++ 15.9 (VS2017)

END.
