#
# There is insufficient memory for the Java Runtime Environment to continue.
# Native memory allocation (malloc) failed to allocate 616816 bytes for Chunk::new
# Possible reasons:
#   The system is out of physical RAM or swap space
#   The process is running with CompressedOops enabled, and the Java Heap may be blocking the growth of the native heap
# Possible solutions:
#   Reduce memory load on the system
#   Increase physical memory or swap space
#   Check if swap backing store is full
#   Decrease Java heap size (-Xmx/-Xms)
#   Decrease number of Java threads
#   Decrease Java thread stack sizes (-Xss)
#   Set larger code cache with -XX:ReservedCodeCacheSize=
#   JVM is running with Unscaled Compressed Oops mode in which the Java heap is
#     placed in the first 4GB address space. The Java Heap base address is the
#     maximum limit for the native heap growth. Please use -XX:HeapBaseMinAddress
#     to set the Java Heap base and to place the Java Heap above 4GB virtual address.
# This output file may be truncated or incomplete.
#
#  Out of Memory Error (./src/hotspot/share/memory/arena.cpp:197), pid=12348, tid=8888
#
# JRE version: OpenJDK Runtime Environment Microsoft-7208460 (11.0.18+10) (build 11.0.18+10-LTS)
# Java VM: OpenJDK 64-Bit Server VM Microsoft-7208460 (11.0.18+10-LTS, mixed mode, tiered, compressed oops, g1 gc, windows-amd64)
# No core dump will be written. Minidumps are not enabled by default on client versions of Windows
#

---------------  S U M M A R Y ------------

Command Line: -Xmx64m -Xms64m -Dorg.gradle.appname=gradlew org.gradle.wrapper.GradleWrapperMain app:installDebug -PreactNativeDevServerPort=8081

Host: Intel(R) Core(TM) i7-8565U CPU @ 1.80GHz, 8 cores, 11G,  Windows 10 , 64 bit Build 19041 (10.0.19041.2364)
Time: Fri Feb 10 15:26:10 2023 Pakistan Standard Time elapsed time: 0.691508 seconds (0d 0h 0m 0s)

---------------  T H R E A D  ---------------

Current thread (0x000001aaf546e000):  JavaThread "C2 CompilerThread1" daemon [_thread_in_native, id=8888, stack(0x0000002928100000,0x0000002928200000)]


Current CompileTask:
C2:    691  810   !   4       jdk.internal.loader.URLClassPath$JarLoader::getResource (65 bytes)

Stack: [0x0000002928100000,0x0000002928200000]
Native frames: (J=compiled Java code, j=interpreted, Vv=VM code, C=native code)
V  [jvm.dll+0x62bf8a]
V  [jvm.dll+0x7b8fb9]
V  [jvm.dll+0x7ba6a8]
V  [jvm.dll+0x7bad83]
V  [jvm.dll+0x250248]
V  [jvm.dll+0xc260c]
V  [jvm.dll+0xc2bcc]
V  [jvm.dll+0x35e1c7]
V  [jvm.dll+0x19ebe9]
V  [jvm.dll+0x209495]
V  [jvm.dll+0x20850d]
V  [jvm.dll+0x18a4b1]
V  [jvm.dll+0x217eec]
V  [jvm.dll+0x21612b]
V  [jvm.dll+0x77bac0]
V  [jvm.dll+0x7749f4]
V  [jvm.dll+0x62adf5]
C  [ucrtbase.dll+0x21bb2]
C  [KERNEL32.DLL+0x17614]
C  [ntdll.dll+0x526a1]


---------------  P R O C E S S  ---------------

Threads class SMR info:
_java_thread_list=0x000001aaf5419ab0, length=12, elements={
0x000001aada035000, 0x000001aaf4edb800, 0x000001aaf4ee4800, 0x000001aaf4f3b000,
0x000001aaf4f3d000, 0x000001aaf4f40800, 0x000001aaf4f4e800, 0x000001aaf4f51800,
0x000001aaf4f54800, 0x000001aaf51e0800, 0x000001aaf546e000, 0x000001aaf5cf5000
}

Java Threads: ( => current thread )
  0x000001aada035000 JavaThread "main" [_thread_in_native, id=1304, stack(0x0000002927000000,0x0000002927100000)]
  0x000001aaf4edb800 JavaThread "Reference Handler" daemon [_thread_blocked, id=12668, stack(0x0000002927700000,0x0000002927800000)]
  0x000001aaf4ee4800 JavaThread "Finalizer" daemon [_thread_blocked, id=21232, stack(0x0000002927800000,0x0000002927900000)]
  0x000001aaf4f3b000 JavaThread "Signal Dispatcher" daemon [_thread_blocked, id=13856, stack(0x0000002927900000,0x0000002927a00000)]
  0x000001aaf4f3d000 JavaThread "Attach Listener" daemon [_thread_blocked, id=3336, stack(0x0000002927a00000,0x0000002927b00000)]
  0x000001aaf4f40800 JavaThread "Service Thread" daemon [_thread_blocked, id=2592, stack(0x0000002927b00000,0x0000002927c00000)]
  0x000001aaf4f4e800 JavaThread "C2 CompilerThread0" daemon [_thread_in_vm, id=12692, stack(0x0000002927c00000,0x0000002927d00000)]
  0x000001aaf4f51800 JavaThread "C1 CompilerThread0" daemon [_thread_blocked, id=15748, stack(0x0000002927d00000,0x0000002927e00000)]
  0x000001aaf4f54800 JavaThread "Sweeper thread" daemon [_thread_blocked, id=9792, stack(0x0000002927e00000,0x0000002927f00000)]
  0x000001aaf51e0800 JavaThread "Common-Cleaner" daemon [_thread_blocked, id=19184, stack(0x0000002928000000,0x0000002928100000)]
=>0x000001aaf546e000 JavaThread "C2 CompilerThread1" daemon [_thread_in_native, id=8888, stack(0x0000002928100000,0x0000002928200000)]
  0x000001aaf5cf5000 JavaThread "C2 CompilerThread2" daemon [_thread_in_native, id=14492, stack(0x0000002928300000,0x0000002928400000)]

Other Threads:
  0x000001aaf4eb5000 VMThread "VM Thread" [stack: 0x0000002927600000,0x0000002927700000] [id=7456]
  0x000001aaf51d7800 WatcherThread [stack: 0x0000002927f00000,0x0000002928000000] [id=14376]
  0x000001aada04e800 GCTaskThread "GC Thread#0" [stack: 0x0000002927100000,0x0000002927200000] [id=4372]
  0x000001aaf6f0e800 GCTaskThread "GC Thread#1" [stack: 0x0000002928200000,0x0000002928300000] [id=16920]
  0x000001aada056000 ConcurrentGCThread "G1 Main Marker" [stack: 0x0000002927200000,0x0000002927300000] [id=1328]
  0x000001aada057800 ConcurrentGCThread "G1 Conc#0" [stack: 0x0000002927300000,0x0000002927400000] [id=3300]
  0x000001aada0c1800 ConcurrentGCThread "G1 Refine#0" [stack: 0x0000002927400000,0x0000002927500000] [id=13176]
  0x000001aada0c2800 ConcurrentGCThread "G1 Young RemSet Sampling" [stack: 0x0000002927500000,0x0000002927600000] [id=6324]

Threads with active compile tasks:
C2 CompilerThread0      707  868       4       java.util.jar.JarFile::getEntry (22 bytes)
C2 CompilerThread1      707  810   !   4       jdk.internal.loader.URLClassPath$JarLoader::getResource (65 bytes)
C2 CompilerThread2      707  866   !   4       java.util.jar.JarFile::checkForSpecialAttributes (163 bytes)

VM state:not at safepoint (normal execution)

VM Mutex/Monitor currently owned by a thread: None

Heap address: 0x00000000fc000000, size: 64 MB, Compressed Oops mode: 32-bit
Narrow klass base: 0x0000000000000000, Narrow klass shift: 3
Compressed class space size: 1073741824 Address: 0x0000000100000000

Heap:
 garbage-first heap   total 65536K, used 10380K [0x00000000fc000000, 0x0000000100000000)
  region size 1024K, 5 young (5120K), 3 survivors (3072K)
 Metaspace       used 10473K, capacity 10726K, committed 11008K, reserved 1058816K
  class space    used 1080K, capacity 1172K, committed 1280K, reserved 1048576K
Heap Regions: E=young(eden), S=young(survivor), O=old, HS=humongous(starts), HC=humongous(continues), CS=collection set, F=free, A=archive, TAMS=top-at-mark-start (previous, next)
|   0|0x00000000fc000000, 0x00000000fc000000, 0x00000000fc100000|  0%| F|  |TAMS 0x00000000fc000000, 0x00000000fc000000| Untracked 
|   1|0x00000000fc100000, 0x00000000fc100000, 0x00000000fc200000|  0%| F|  |TAMS 0x00000000fc100000, 0x00000000fc100000| Untracked 
|   2|0x00000000fc200000, 0x00000000fc200000, 0x00000000fc300000|  0%| F|  |TAMS 0x00000000fc200000, 0x00000000fc200000| Untracked 
|   3|0x00000000fc300000, 0x00000000fc400000, 0x00000000fc400000|100%|HS|  |TAMS 0x00000000fc300000, 0x00000000fc300000| Complete 
|   4|0x00000000fc400000, 0x00000000fc500000, 0x00000000fc500000|100%|HC|  |TAMS 0x00000000fc400000, 0x00000000fc400000| Complete 
|   5|0x00000000fc500000, 0x00000000fc600000, 0x00000000fc600000|100%|HC|  |TAMS 0x00000000fc500000, 0x00000000fc500000| Complete 
|   6|0x00000000fc600000, 0x00000000fc700000, 0x00000000fc700000|100%| O|  |TAMS 0x00000000fc600000, 0x00000000fc600000| Untracked 
|   7|0x00000000fc700000, 0x00000000fc800000, 0x00000000fc800000|100%| O|  |TAMS 0x00000000fc700000, 0x00000000fc700000| Untracked 
|   8|0x00000000fc800000, 0x00000000fc900000, 0x00000000fc900000|100%| O|  |TAMS 0x00000000fc800000, 0x00000000fc800000| Untracked 
|   9|0x00000000fc900000, 0x00000000fc923000, 0x00000000fca00000| 13%| O|  |TAMS 0x00000000fc900000, 0x00000000fc900000| Untracked 
|  10|0x00000000fca00000, 0x00000000fca00000, 0x00000000fcb00000|  0%| F|  |TAMS 0x00000000fca00000, 0x00000000fca00000| Untracked 
|  11|0x00000000fcb00000, 0x00000000fcb00000, 0x00000000fcc00000|  0%| F|  |TAMS 0x00000000fcb00000, 0x00000000fcb00000| Untracked 
|  12|0x00000000fcc00000, 0x00000000fcc00000, 0x00000000fcd00000|  0%| F|  |TAMS 0x00000000fcc00000, 0x00000000fcc00000| Untracked 
|  13|0x00000000fcd00000, 0x00000000fcd00000, 0x00000000fce00000|  0%| F|  |TAMS 0x00000000fcd00000, 0x00000000fcd00000| Untracked 
|  14|0x00000000fce00000, 0x00000000fce00000, 0x00000000fcf00000|  0%| F|  |TAMS 0x00000000fce00000, 0x00000000fce00000| Untracked 
|  15|0x00000000fcf00000, 0x00000000fcf00000, 0x00000000fd000000|  0%| F|  |TAMS 0x00000000fcf00000, 0x00000000fcf00000| Untracked 
|  16|0x00000000fd000000, 0x00000000fd000000, 0x00000000fd100000|  0%| F|  |TAMS 0x00000000fd000000, 0x00000000fd000000| Untracked 
|  17|0x00000000fd100000, 0x00000000fd100000, 0x00000000fd200000|  0%| F|  |TAMS 0x00000000fd100000, 0x00000000fd100000| Untracked 
|  18|0x00000000fd200000, 0x00000000fd200000, 0x00000000fd300000|  0%| F|  |TAMS 0x00000000fd200000, 0x00000000fd200000| Untracked 
|  19|0x00000000fd300000, 0x00000000fd300000, 0x00000000fd400000|  0%| F|  |TAMS 0x00000000fd300000, 0x00000000fd300000| Untracked 
|  20|0x00000000fd400000, 0x00000000fd400000, 0x00000000fd500000|  0%| F|  |TAMS 0x00000000fd400000, 0x00000000fd400000| Untracked 
|  21|0x00000000fd500000, 0x00000000fd500000, 0x00000000fd600000|  0%| F|  |TAMS 0x00000000fd500000, 0x00000000fd500000| Untracked 
|  22|0x00000000fd600000, 0x00000000fd600000, 0x00000000fd700000|  0%| F|  |TAMS 0x00000000fd600000, 0x00000000fd600000| Untracked 
|  23|0x00000000fd700000, 0x00000000fd700000, 0x00000000fd800000|  0%| F|  |TAMS 0x00000000fd700000, 0x00000000fd700000| Untracked 
|  24|0x00000000fd800000, 0x00000000fd800000, 0x00000000fd900000|  0%| F|  |TAMS 0x00000000fd800000, 0x00000000fd800000| Untracked 
|  25|0x00000000fd900000, 0x00000000fd900000, 0x00000000fda00000|  0%| F|  |TAMS 0x00000000fd900000, 0x00000000fd900000| Untracked 
|  26|0x00000000fda00000, 0x00000000fda00000, 0x00000000fdb00000|  0%| F|  |TAMS 0x00000000fda00000, 0x00000000fda00000| Untracked 
|  27|0x00000000fdb00000, 0x00000000fdb00000, 0x00000000fdc00000|  0%| F|  |TAMS 0x00000000fdb00000, 0x00000000fdb00000| Untracked 
|  28|0x00000000fdc00000, 0x00000000fdc00000, 0x00000000fdd00000|  0%| F|  |TAMS 0x00000000fdc00000, 0x00000000fdc00000| Untracked 
|  29|0x00000000fdd00000, 0x00000000fdd00000, 0x00000000fde00000|  0%| F|  |TAMS 0x00000000fdd00000, 0x00000000fdd00000| Untracked 
|  30|0x00000000fde00000, 0x00000000fde00000, 0x00000000fdf00000|  0%| F|  |TAMS 0x00000000fde00000, 0x00000000fde00000| Untracked 
|  31|0x00000000fdf00000, 0x00000000fdf00000, 0x00000000fe000000|  0%| F|  |TAMS 0x00000000fdf00000, 0x00000000fdf00000| Untracked 
|  32|0x00000000fe000000, 0x00000000fe000000, 0x00000000fe100000|  0%| F|  |TAMS 0x00000000fe000000, 0x00000000fe000000| Untracked 
|  33|0x00000000fe100000, 0x00000000fe100000, 0x00000000fe200000|  0%| F|  |TAMS 0x00000000fe100000, 0x00000000fe100000| Untracked 
|  34|0x00000000fe200000, 0x00000000fe200000, 0x00000000fe300000|  0%| F|  |TAMS 0x00000000fe200000, 0x00000000fe200000| Untracked 
|  35|0x00000000fe300000, 0x00000000fe300000, 0x00000000fe400000|  0%| F|  |TAMS 0x00000000fe300000, 0x00000000fe300000| Untracked 
|  36|0x00000000fe400000, 0x00000000fe400000, 0x00000000fe500000|  0%| F|  |TAMS 0x00000000fe400000, 0x00000000fe400000| Untracked 
|  37|0x00000000fe500000, 0x00000000fe600000, 0x00000000fe600000|100%| S|CS|TAMS 0x00000000fe500000, 0x00000000fe500000| Complete 
|  38|0x00000000fe600000, 0x00000000fe700000, 0x00000000fe700000|100%| S|CS|TAMS 0x00000000fe600000, 0x00000000fe600000| Complete 
|  39|0x00000000fe700000, 0x00000000fe800000, 0x00000000fe800000|100%| S|CS|TAMS 0x00000000fe700000, 0x00000000fe700000| Complete 
|  40|0x00000000fe800000, 0x00000000fe800000, 0x00000000fe900000|  0%| F|  |TAMS 0x00000000fe800000, 0x00000000fe800000| Untracked 
|  41|0x00000000fe900000, 0x00000000fe900000, 0x00000000fea00000|  0%| F|  |TAMS 0x00000000fe900000, 0x00000000fe900000| Untracked 
|  42|0x00000000fea00000, 0x00000000fea00000, 0x00000000feb00000|  0%| F|  |TAMS 0x00000000fea00000, 0x00000000fea00000| Untracked 
|  43|0x00000000feb00000, 0x00000000feb00000, 0x00000000fec00000|  0%| F|  |TAMS 0x00000000feb00000, 0x00000000feb00000| Untracked 
|  44|0x00000000fec00000, 0x00000000fec00000, 0x00000000fed00000|  0%| F|  |TAMS 0x00000000fec00000, 0x00000000fec00000| Untracked 
|  45|0x00000000fed00000, 0x00000000fed00000, 0x00000000fee00000|  0%| F|  |TAMS 0x00000000fed00000, 0x00000000fed00000| Untracked 
|  46|0x00000000fee00000, 0x00000000fee00000, 0x00000000fef00000|  0%| F|  |TAMS 0x00000000fee00000, 0x00000000fee00000| Untracked 
|  47|0x00000000fef00000, 0x00000000fef00000, 0x00000000ff000000|  0%| F|  |TAMS 0x00000000fef00000, 0x00000000fef00000| Untracked 
|  48|0x00000000ff000000, 0x00000000ff000000, 0x00000000ff100000|  0%| F|  |TAMS 0x00000000ff000000, 0x00000000ff000000| Untracked 
|  49|0x00000000ff100000, 0x00000000ff100000, 0x00000000ff200000|  0%| F|  |TAMS 0x00000000ff100000, 0x00000000ff100000| Untracked 
|  50|0x00000000ff200000, 0x00000000ff200000, 0x00000000ff300000|  0%| F|  |TAMS 0x00000000ff200000, 0x00000000ff200000| Untracked 
|  51|0x00000000ff300000, 0x00000000ff300000, 0x00000000ff400000|  0%| F|  |TAMS 0x00000000ff300000, 0x00000000ff300000| Untracked 
|  52|0x00000000ff400000, 0x00000000ff400000, 0x00000000ff500000|  0%| F|  |TAMS 0x00000000ff400000, 0x00000000ff400000| Untracked 
|  53|0x00000000ff500000, 0x00000000ff500000, 0x00000000ff600000|  0%| F|  |TAMS 0x00000000ff500000, 0x00000000ff500000| Untracked 
|  54|0x00000000ff600000, 0x00000000ff600000, 0x00000000ff700000|  0%| F|  |TAMS 0x00000000ff600000, 0x00000000ff600000| Untracked 
|  55|0x00000000ff700000, 0x00000000ff700000, 0x00000000ff800000|  0%| F|  |TAMS 0x00000000ff700000, 0x00000000ff700000| Untracked 
|  56|0x00000000ff800000, 0x00000000ff800000, 0x00000000ff900000|  0%| F|  |TAMS 0x00000000ff800000, 0x00000000ff800000| Untracked 
|  57|0x00000000ff900000, 0x00000000ff900000, 0x00000000ffa00000|  0%| F|  |TAMS 0x00000000ff900000, 0x00000000ff900000| Untracked 
|  58|0x00000000ffa00000, 0x00000000ffa00000, 0x00000000ffb00000|  0%| F|  |TAMS 0x00000000ffa00000, 0x00000000ffa00000| Untracked 
|  59|0x00000000ffb00000, 0x00000000ffb00000, 0x00000000ffc00000|  0%| F|  |TAMS 0x00000000ffb00000, 0x00000000ffb00000| Untracked 
|  60|0x00000000ffc00000, 0x00000000ffc00000, 0x00000000ffd00000|  0%| F|  |TAMS 0x00000000ffc00000, 0x00000000ffc00000| Untracked 
|  61|0x00000000ffd00000, 0x00000000ffd00000, 0x00000000ffe00000|  0%| F|  |TAMS 0x00000000ffd00000, 0x00000000ffd00000| Untracked 
|  62|0x00000000ffe00000, 0x00000000fff00000, 0x00000000fff00000|100%| E|  |TAMS 0x00000000ffe00000, 0x00000000ffe00000| Complete 
|  63|0x00000000fff00000, 0x0000000100000000, 0x0000000100000000|100%| E|CS|TAMS 0x00000000fff00000, 0x00000000fff00000| Complete 

Card table byte_map: [0x000001aad7ff0000,0x000001aad8010000] _byte_map_base: 0x000001aad7810000

Marking Bits (Prev, Next): (CMBitMap*) 0x000001aada054d08, (CMBitMap*) 0x000001aada054d40
 Prev Bits: [0x000001aaf1af0000, 0x000001aaf1bf0000)
 Next Bits: [0x000001aaf1bf0000, 0x000001aaf1cf0000)

Polling page: 0x000001aad7fa0000

Metaspace:

Usage:
  Non-class:      9.33 MB capacity,     9.18 MB ( 98%) used,   147.30 KB (  2%) free+waste,    11.38 KB ( <1%) overhead. 
      Class:      1.14 MB capacity,     1.06 MB ( 92%) used,    85.16 KB (  7%) free+waste,     5.69 KB ( <1%) overhead. 
       Both:     10.47 MB capacity,    10.23 MB ( 98%) used,   232.46 KB (  2%) free+waste,    17.06 KB ( <1%) overhead. 

Virtual space:
  Non-class space:       10.00 MB reserved,       9.50 MB ( 95%) committed 
      Class space:        1.00 GB reserved,       1.25 MB ( <1%) committed 
             Both:        1.01 GB reserved,      10.75 MB (  1%) committed 

Chunk freelists:
   Non-Class:  46.00 KB
       Class:  12.00 KB
        Both:  58.00 KB

MaxMetaspaceSize: 17179869184.00 GB
CompressedClassSpaceSize: 1.00 GB
Initial GC threshold: 20.80 MB
Current GC threshold: 20.80 MB
CDS: off

CodeHeap 'non-profiled nmethods': size=120000Kb used=336Kb max_used=336Kb free=119663Kb
 bounds [0x000001aaea280000, 0x000001aaea4f0000, 0x000001aaf17b0000]
CodeHeap 'profiled nmethods': size=120000Kb used=1709Kb max_used=1709Kb free=118290Kb
 bounds [0x000001aae2d50000, 0x000001aae2fc0000, 0x000001aaea280000]
CodeHeap 'non-nmethods': size=5760Kb used=1120Kb max_used=1139Kb free=4639Kb
 bounds [0x000001aae27b0000, 0x000001aae2a20000, 0x000001aae2d50000]
 total_blobs=1274 nmethods=904 adapters=283
 compilation: enabled
              stopped_count=0, restarted_count=0
 full_count=0

Compilation events (20 events):
Event: 0.666 Thread 0x000001aaf4f51800  855       2       java.util.jar.JarFile::getJarEntry (9 bytes)
Event: 0.666 Thread 0x000001aaf4f51800 nmethod 855 0x000001aae2ee3990 code [0x000001aae2ee3b40, 0x000001aae2ee3c88]
Event: 0.666 Thread 0x000001aaf4f51800  858   !   3       jdk.internal.loader.URLClassPath$JarLoader::getResource (353 bytes)
Event: 0.668 Thread 0x000001aaf4f51800 nmethod 858 0x000001aae2ee3d90 code [0x000001aae2ee4220, 0x000001aae2ee60f8]
Event: 0.668 Thread 0x000001aaf4f51800  856       3       java.security.SecureClassLoader$CodeSourceKey::equals (56 bytes)
Event: 0.668 Thread 0x000001aaf4f51800 nmethod 856 0x000001aae2ee7310 code [0x000001aae2ee7520, 0x000001aae2ee7b38]
Event: 0.668 Thread 0x000001aaf4f51800  857       3       java.security.CodeSource::matchCerts (254 bytes)
Event: 0.668 Thread 0x000001aaf4f51800 nmethod 857 0x000001aae2ee7d10 code [0x000001aae2ee7f60, 0x000001aae2ee8a98]
Event: 0.668 Thread 0x000001aaf4f51800  859       3       java.net.URL::<init> (8 bytes)
Event: 0.669 Thread 0x000001aaf4f51800 nmethod 859 0x000001aae2ee8e90 code [0x000001aae2ee9040, 0x000001aae2ee9168]
Event: 0.670 Thread 0x000001aaf4f51800  860       3       java.util.jar.JarFile::maybeInstantiateVerifier (112 bytes)
Event: 0.671 Thread 0x000001aaf4f51800 nmethod 860 0x000001aae2ee9210 code [0x000001aae2ee9560, 0x000001aae2eea738]
Event: 0.673 Thread 0x000001aaf4f51800  861       3       java.lang.Object::equals (11 bytes)
Event: 0.673 Thread 0x000001aaf4f51800 nmethod 861 0x000001aae2eeae10 code [0x000001aae2eeafc0, 0x000001aae2eeb118]
Event: 0.673 Thread 0x000001aaf4f51800  863       3       java.util.LinkedList$ListItr::hasNext (20 bytes)
Event: 0.673 Thread 0x000001aaf4f51800 nmethod 863 0x000001aae2eeb190 code [0x000001aae2eeb340, 0x000001aae2eeb4b8]
Event: 0.673 Thread 0x000001aaf4f51800  862       1       java.lang.reflect.Method::getReturnType (5 bytes)
Event: 0.673 Thread 0x000001aaf4f51800 nmethod 862 0x000001aaea2cca10 code [0x000001aaea2ccbc0, 0x000001aaea2ccc78]
Event: 0.680 Thread 0x000001aaf4f51800  864       3       java.util.zip.ZipFile$InflaterCleanupAction::run (12 bytes)
Event: 0.681 Thread 0x000001aaf4f51800 nmethod 864 0x000001aae2eeb590 code [0x000001aae2eeb740, 0x000001aae2eeb908]

GC Heap History (2 events):
Event: 0.673 GC heap before
{Heap before GC invocations=0 (full 0):
 garbage-first heap   total 65536K, used 29696K [0x00000000fc000000, 0x0000000100000000)
  region size 1024K, 24 young (24576K), 0 survivors (0K)
 Metaspace       used 10249K, capacity 10478K, committed 10624K, reserved 1058816K
  class space    used 1038K, capacity 1129K, committed 1152K, reserved 1048576K
}
Event: 0.679 GC heap after
{Heap after GC invocations=1 (full 0):
 garbage-first heap   total 65536K, used 9356K [0x00000000fc000000, 0x0000000100000000)
  region size 1024K, 3 young (3072K), 3 survivors (3072K)
 Metaspace       used 10249K, capacity 10478K, committed 10624K, reserved 1058816K
  class space    used 1038K, capacity 1129K, committed 1152K, reserved 1048576K
}

Deoptimization events (20 events):
Event: 0.643 Thread 0x000001aada035000 Uncommon trap: trap_request=0xffffffde fr.pc=0x000001aaea29e32c relative=0x000000000000038c
Event: 0.643 Thread 0x000001aada035000 Uncommon trap: reason=class_check action=maybe_recompile pc=0x000001aaea29e32c method=java.util.regex.Matcher.match(II)Z @ 121 c2
Event: 0.643 Thread 0x000001aada035000 DEOPT PACKING pc=0x000001aaea29e32c sp=0x00000029270fd230
Event: 0.643 Thread 0x000001aada035000 DEOPT UNPACKING pc=0x000001aae27fa1af sp=0x00000029270fd1d8 mode 2
Event: 0.643 Thread 0x000001aada035000 Uncommon trap: trap_request=0xffffffde fr.pc=0x000001aaea29e32c relative=0x000000000000038c
Event: 0.643 Thread 0x000001aada035000 Uncommon trap: reason=class_check action=maybe_recompile pc=0x000001aaea29e32c method=java.util.regex.Matcher.match(II)Z @ 121 c2
Event: 0.643 Thread 0x000001aada035000 DEOPT PACKING pc=0x000001aaea29e32c sp=0x00000029270fd230
Event: 0.643 Thread 0x000001aada035000 DEOPT UNPACKING pc=0x000001aae27fa1af sp=0x00000029270fd1d8 mode 2
Event: 0.644 Thread 0x000001aada035000 Uncommon trap: trap_request=0xffffffde fr.pc=0x000001aaea29e32c relative=0x000000000000038c
Event: 0.644 Thread 0x000001aada035000 Uncommon trap: reason=class_check action=maybe_recompile pc=0x000001aaea29e32c method=java.util.regex.Matcher.match(II)Z @ 121 c2
Event: 0.644 Thread 0x000001aada035000 DEOPT PACKING pc=0x000001aaea29e32c sp=0x00000029270fd0b0
Event: 0.644 Thread 0x000001aada035000 DEOPT UNPACKING pc=0x000001aae27fa1af sp=0x00000029270fd058 mode 2
Event: 0.644 Thread 0x000001aada035000 Uncommon trap: trap_request=0xffffffde fr.pc=0x000001aaea29e32c relative=0x000000000000038c
Event: 0.644 Thread 0x000001aada035000 Uncommon trap: reason=class_check action=maybe_recompile pc=0x000001aaea29e32c method=java.util.regex.Matcher.match(II)Z @ 121 c2
Event: 0.644 Thread 0x000001aada035000 DEOPT PACKING pc=0x000001aaea29e32c sp=0x00000029270fd0b0
Event: 0.644 Thread 0x000001aada035000 DEOPT UNPACKING pc=0x000001aae27fa1af sp=0x00000029270fd058 mode 2
Event: 0.648 Thread 0x000001aada035000 Uncommon trap: trap_request=0xffffff4d fr.pc=0x000001aaea2c6954 relative=0x0000000000000214
Event: 0.648 Thread 0x000001aada035000 Uncommon trap: reason=unstable_if action=reinterpret pc=0x000001aaea2c6954 method=java.util.HashMap.hash(Ljava/lang/Object;)I @ 1 c2
Event: 0.648 Thread 0x000001aada035000 DEOPT PACKING pc=0x000001aaea2c6954 sp=0x00000029270fd190
Event: 0.648 Thread 0x000001aada035000 DEOPT UNPACKING pc=0x000001aae27fa1af sp=0x00000029270fd0c8 mode 2

Classes redefined (0 events):
No events

Internal exceptions (5 events):
Event: 0.279 Thread 0x000001aada035000 Exception <a 'java/lang/NoSuchMethodError'{0x00000000ffc5e2a0}: 'int java.lang.invoke.DirectMethodHandle$Holder.invokeStaticInit(java.lang.Object, java.lang.Object)'> (0x00000000ffc5e2a0) thrown at [./src/hotspot/share/interpreter/linkResolver.cpp, line 773]
Event: 0.306 Thread 0x000001aada035000 Exception <a 'java/lang/NoSuchMethodError'{0x00000000ffb31cc0}: 'int java.lang.invoke.DirectMethodHandle$Holder.invokeSpecial(java.lang.Object, java.lang.Object, java.lang.Object, java.lang.Object)'> (0x00000000ffb31cc0) thrown at [./src/hotspot/share/interpreter/linkResolver.cpp, line 773]
Event: 0.311 Thread 0x000001aada035000 Exception <a 'java/lang/NoSuchMethodError'{0x00000000ffb6a578}: 'int java.lang.invoke.DirectMethodHandle$Holder.invokeSpecialIFC(java.lang.Object, java.lang.Object, int)'> (0x00000000ffb6a578) thrown at [./src/hotspot/share/interpreter/linkResolver.cpp, line 773]
Event: 0.648 Thread 0x000001aada035000 Implicit null exception at 0x000001aaea2c6775 to 0x000001aaea2c6944
Event: 0.665 Thread 0x000001aada035000 Exception <a 'java/lang/NoClassDefFoundError'{0x00000000fe869ef8}: org/slf4j/impl/StaticMarkerBinder> (0x00000000fe869ef8) thrown at [./src/hotspot/share/classfile/systemDictionary.cpp, line 219]

Events (20 events):
Event: 0.681 Executing VM operation: RevokeBias
Event: 0.681 Executing VM operation: RevokeBias done
Event: 0.681 Executing VM operation: RevokeBias
Event: 0.681 Executing VM operation: RevokeBias done
Event: 0.681 Executing VM operation: RevokeBias
Event: 0.681 Executing VM operation: RevokeBias done
Event: 0.682 loading class org/gradle/internal/nativeintegration/NativeIntegrationException
Event: 0.682 loading class org/gradle/internal/nativeintegration/NativeIntegrationException done
Event: 0.682 loading class org/gradle/internal/nativeintegration/jansi/JansiStorageLocator
Event: 0.682 loading class org/gradle/internal/nativeintegration/jansi/JansiStorageLocator done
Event: 0.682 loading class org/gradle/internal/nativeintegration/jansi/JansiLibraryFactory
Event: 0.682 loading class org/gradle/internal/nativeintegration/jansi/JansiLibraryFactory done
Event: 0.682 loading class org/gradle/internal/nativeintegration/jansi/JansiRuntimeResolver
Event: 0.682 loading class org/gradle/internal/nativeintegration/jansi/JansiRuntimeResolver done
Event: 0.683 loading class org/gradle/internal/nativeintegration/jansi/DefaultJansiRuntimeResolver
Event: 0.683 loading class org/gradle/internal/nativeintegration/jansi/DefaultJansiRuntimeResolver done
Event: 0.683 loading class java/util/RegularEnumSet
Event: 0.683 loading class java/util/RegularEnumSet done
Event: 0.683 loading class org/gradle/internal/nativeintegration/filesystem/services/FileSystemServices
Event: 0.683 loading class org/gradle/internal/nativeintegration/filesystem/services/FileSystemServices done


Dynamic libraries:
0x00007ff69e0b0000 - 0x00007ff69e0bd000 	C:\Program Files\Microsoft\jdk-11.0.18.10-hotspot\bin\java.exe
0x00007ff8430f0000 - 0x00007ff8432e8000 	C:\Windows\SYSTEM32\ntdll.dll
0x00007ff842900000 - 0x00007ff8429bf000 	C:\Windows\System32\KERNEL32.DLL
0x00007ff840de0000 - 0x00007ff8410b2000 	C:\Windows\System32\KERNELBASE.dll
0x00007ff8408f0000 - 0x00007ff8409f0000 	C:\Windows\System32\ucrtbase.dll
0x00007ff8200f0000 - 0x00007ff820105000 	C:\Program Files\Microsoft\jdk-11.0.18.10-hotspot\bin\VCRUNTIME140.dll
0x00007ff820270000 - 0x00007ff820287000 	C:\Program Files\Microsoft\jdk-11.0.18.10-hotspot\bin\jli.dll
0x00007ff842a70000 - 0x00007ff842c11000 	C:\Windows\System32\USER32.dll
0x00007ff829450000 - 0x00007ff8296ea000 	C:\Windows\WinSxS\amd64_microsoft.windows.common-controls_6595b64144ccf1df_6.0.19041.1110_none_60b5254171f9507e\COMCTL32.dll
0x00007ff840a20000 - 0x00007ff840a42000 	C:\Windows\System32\win32u.dll
0x00007ff841910000 - 0x00007ff8419ae000 	C:\Windows\System32\msvcrt.dll
0x00007ff842270000 - 0x00007ff84229b000 	C:\Windows\System32\GDI32.dll
0x00007ff8407e0000 - 0x00007ff8408ef000 	C:\Windows\System32\gdi32full.dll
0x00007ff840d40000 - 0x00007ff840ddd000 	C:\Windows\System32\msvcp_win.dll
0x00007ff842340000 - 0x00007ff842372000 	C:\Windows\System32\IMM32.DLL
0x00007ff81dd60000 - 0x00007ff81ddfb000 	C:\Program Files\Microsoft\jdk-11.0.18.10-hotspot\bin\msvcp140.dll
0x00007ffffda70000 - 0x00007ffffe602000 	C:\Program Files\Microsoft\jdk-11.0.18.10-hotspot\bin\server\jvm.dll
0x00007ff841130000 - 0x00007ff8411de000 	C:\Windows\System32\ADVAPI32.dll
0x00007ff842d30000 - 0x00007ff842dcc000 	C:\Windows\System32\sechost.dll
0x00007ff842dd0000 - 0x00007ff842ef5000 	C:\Windows\System32\RPCRT4.dll
0x00007ff842330000 - 0x00007ff842338000 	C:\Windows\System32\PSAPI.DLL
0x00007ff829ac0000 - 0x00007ff829ac9000 	C:\Windows\SYSTEM32\WSOCK32.dll
0x00007ff82daf0000 - 0x00007ff82db17000 	C:\Windows\SYSTEM32\WINMM.dll
0x00007ff83ac30000 - 0x00007ff83ac3a000 	C:\Windows\SYSTEM32\VERSION.dll
0x00007ff842770000 - 0x00007ff8427db000 	C:\Windows\System32\WS2_32.dll
0x00007ff83e6a0000 - 0x00007ff83e6b2000 	C:\Windows\SYSTEM32\kernel.appcore.dll
0x00007ff820180000 - 0x00007ff820190000 	C:\Program Files\Microsoft\jdk-11.0.18.10-hotspot\bin\verify.dll
0x00007ff8399c0000 - 0x00007ff839ba4000 	C:\Windows\SYSTEM32\DBGHELP.DLL
0x00007ff82cc80000 - 0x00007ff82ccb5000 	C:\Windows\SYSTEM32\dbgcore.DLL
0x00007ff840cb0000 - 0x00007ff840d32000 	C:\Windows\System32\bcryptPrimitives.dll
0x00007ff81dcb0000 - 0x00007ff81dcd8000 	C:\Program Files\Microsoft\jdk-11.0.18.10-hotspot\bin\java.dll
0x00007ff8200a0000 - 0x00007ff8200aa000 	C:\Program Files\Microsoft\jdk-11.0.18.10-hotspot\bin\jimage.dll
0x00007ff81dd40000 - 0x00007ff81dd58000 	C:\Program Files\Microsoft\jdk-11.0.18.10-hotspot\bin\zip.dll
0x00007ff8419b0000 - 0x00007ff8420f4000 	C:\Windows\System32\SHELL32.dll
0x00007ff83e8a0000 - 0x00007ff83f032000 	C:\Windows\SYSTEM32\windows.storage.dll
0x00007ff842390000 - 0x00007ff8426e5000 	C:\Windows\System32\combase.dll
0x00007ff840240000 - 0x00007ff840270000 	C:\Windows\SYSTEM32\Wldp.dll
0x00007ff8429c0000 - 0x00007ff842a6d000 	C:\Windows\System32\SHCORE.dll
0x00007ff841440000 - 0x00007ff841495000 	C:\Windows\System32\shlwapi.dll
0x00007ff840720000 - 0x00007ff84073f000 	C:\Windows\SYSTEM32\profapi.dll
0x00007ff81dc90000 - 0x00007ff81dca9000 	C:\Program Files\Microsoft\jdk-11.0.18.10-hotspot\bin\net.dll
0x00007ff838ec0000 - 0x00007ff838fcc000 	C:\Windows\SYSTEM32\WINHTTP.dll
0x00007ff83ffa0000 - 0x00007ff84000a000 	C:\Windows\system32\mswsock.dll
0x00007ff81dc70000 - 0x00007ff81dc83000 	C:\Program Files\Microsoft\jdk-11.0.18.10-hotspot\bin\nio.dll
0x00007ff814000000 - 0x00007ff814027000 	C:\Users\Bilal\.gradle\native\e1d6ef7f7dcc3fd88c89a11ec53ec762bb8ba0a96d01ffa2cd45eb1d1d8dd5c5\windows-amd64\native-platform.dll

dbghelp: loaded successfully - version: 4.0.5 - missing functions: none
symbol engine: initialized successfully - sym options: 0x614 - pdb path: .;C:\Program Files\Microsoft\jdk-11.0.18.10-hotspot\bin;C:\Windows\SYSTEM32;C:\Windows\WinSxS\amd64_microsoft.windows.common-controls_6595b64144ccf1df_6.0.19041.1110_none_60b5254171f9507e;C:\Program Files\Microsoft\jdk-11.0.18.10-hotspot\bin\server;C:\Users\Bilal\.gradle\native\e1d6ef7f7dcc3fd88c89a11ec53ec762bb8ba0a96d01ffa2cd45eb1d1d8dd5c5\windows-amd64

VM Arguments:
jvm_args: -Xmx64m -Xms64m -Dorg.gradle.appname=gradlew 
java_command: org.gradle.wrapper.GradleWrapperMain app:installDebug -PreactNativeDevServerPort=8081
java_class_path (initial): D:\TutorOfDragon\android\\gradle\wrapper\gradle-wrapper.jar
Launcher Type: SUN_STANDARD

[Global flags]
     intx CICompilerCount                          = 4                                         {product} {ergonomic}
     uint ConcGCThreads                            = 2                                         {product} {ergonomic}
     uint G1ConcRefinementThreads                  = 8                                         {product} {ergonomic}
   size_t G1HeapRegionSize                         = 1048576                                   {product} {ergonomic}
    uintx GCDrainStackTargetSize                   = 64                                        {product} {ergonomic}
   size_t InitialHeapSize                          = 67108864                                  {product} {command line}
   size_t MarkStackSize                            = 4194304                                   {product} {ergonomic}
   size_t MaxHeapSize                              = 67108864                                  {product} {command line}
   size_t MaxNewSize                               = 39845888                                  {product} {ergonomic}
   size_t MinHeapDeltaBytes                        = 1048576                                   {product} {ergonomic}
    uintx NonNMethodCodeHeapSize                   = 5836300                                {pd product} {ergonomic}
    uintx NonProfiledCodeHeapSize                  = 122910970                              {pd product} {ergonomic}
    uintx ProfiledCodeHeapSize                     = 122910970                              {pd product} {ergonomic}
    uintx ReservedCodeCacheSize                    = 251658240                              {pd product} {ergonomic}
     bool SegmentedCodeCache                       = true                                      {product} {ergonomic}
     bool UseCompressedClassPointers               = true                                 {lp64_product} {ergonomic}
     bool UseCompressedOops                        = true                                 {lp64_product} {ergonomic}
     bool UseG1GC                                  = true                                      {product} {ergonomic}
     bool UseLargePagesIndividualAllocation        = false                                  {pd product} {ergonomic}

Logging:
Log output configuration:
 #0: stdout all=warning uptime,level,tags
 #1: stderr all=off uptime,level,tags

Environment Variables:
JAVA_HOME=C:\Program Files\Microsoft\jdk-11.0.18.10-hotspot\
CLASSPATH=D:\TutorOfDragon\android\\gradle\wrapper\gradle-wrapper.jar
PATH=D:\TutorOfDragon\android\node_modules\.bin;D:\TutorOfDragon\node_modules\.bin;D:\node_modules\.bin;C:\Program Files\nodejs;D:\TutorOfDragon\node_modules\.bin;D:\node_modules\.bin;C:\Program Files\nodejs\node_modules\npm\node_modules\@npmcli\run-script\lib\node-gyp-bin;D:\TutorOfDragon\node_modules\.bin;C:\Users\Bilal\bin;C:\Program Files\Git\mingw64\bin;C:\Program Files\Git\usr\local\bin;C:\Program Files\Git\usr\bin;C:\Program Files\Git\usr\bin;C:\Program Files\Git\mingw64\bin;C:\Program Files\Git\usr\bin;C:\Users\Bilal\bin;C:\Program Files\Microsoft\jdk-11.0.18.10-hotspot\bin;C:\Program Files\Common Files\Oracle\Java\javapath;C:\Program Files (x86)\Common Files\Oracle\Java\javapath;C:\Windows\system32;C:\Windows;C:\Windows\System32\Wbem;C:\Windows\System32\WindowsPowerShell\v1.0;C:\Windows\System32\OpenSSH;C:\xampp\php;C:\ProgramData\ComposerSetup\bin;C:\Program Files\Git\cmd;C:\ProgramData\chocolatey\bin;C:\Program Files\PuTTY;C:\Program Files\dotnet;C:\Users\Bilal\AppData\Roaming\nvm;C:\Program Files\nodejs;C:\laragon\bin\php\php-7.4.33-Win32-vc15-x64;C:\Program Files\nodejs;C:\laragon\bin;C:\laragon\bin\apache\httpd-2.4.54-win64-VS16\bin;C:\laragon\bin\composer;C:\laragon\bin\git\bin;C:\laragon\bin\git\cmd;C:\laragon\bin\git\mingw64\bin;C:\laragon\bin\git\usr\bin;C:\laragon\bin\laragon\utils;C:\laragon\bin\mysql\mysql-8.0.30-winx64\bin;C:\laragon\bin\nginx\nginx-1.22.0;C:\laragon\bin\ngrok;C:\laragon\bin\nodejs\node-v18;C:\laragon\bin\notepad++;C:\laragon\bin\php\php-8.1.10-Win32-vs16-x64;C:\laragon\bin\python\python-3.10;C:\laragon\bin\python\python-3.10\Scripts;C:\laragon\bin\redis\redis-x64-5.0.14.1;C:\laragon\bin\telnet;C:\laragon\usr\bin;C:\Users\Bilal\AppData\Local\Yarn\config\global\node_modules\.bin;C:\Users\Bilal\AppData\Roaming\Composer\vendor\bin;C:\Users\Bilal\AppData\Roaming\npm;C:\Users\Bilal\AppData\Local\Programs\Python\Python311\Scripts;C:\Users\Bilal\AppData\Local\Programs\Python\Python311;C:\Users\Bilal\AppData\Local\Microsoft\WindowsApps;C:
USERNAME=Bilal
SHELL=C:\Program Files\Git\usr\bin\bash.exe
DISPLAY=needs-to-be-defined
LANG=en_US.UTF-8
TERM=xterm-256color
TMPDIR=C:\Users\Bilal\AppData\Local\Temp
OS=Windows_NT
PROCESSOR_IDENTIFIER=Intel64 Family 6 Model 142 Stepping 12, GenuineIntel
TMP=C:\Users\Bilal\AppData\Local\Temp
TEMP=C:\Users\Bilal\AppData\Local\Temp



---------------  S Y S T E M  ---------------

OS: Windows 10 , 64 bit Build 19041 (10.0.19041.2364)
OS uptime: 0 days 0:42 hours

CPU:total 8 (initial active 8) (4 cores per cpu, 2 threads per core) family 6 model 142 stepping 12 microcode 0xf0, cmov, cx8, fxsr, mmx, sse, sse2, sse3, ssse3, sse4.1, sse4.2, popcnt, avx, avx2, aes, clmul, erms, 3dnowpref, lzcnt, ht, tsc, tscinvbit, bmi1, bmi2, adx, fma

Memory: 4k page, system-wide physical 12148M (2020M free)
TotalPageFile size 14496M (AvailPageFile size 2M)
current process WorkingSet (physical memory assigned to process): 90M, peak: 90M
current process commit charge ("private bytes"): 162M, peak: 162M

vm_info: OpenJDK 64-Bit Server VM (11.0.18+10-LTS) for windows-amd64 JRE (11.0.18+10-LTS), built on Jan 18 2023 15:56:47 by "MicrosoftCorporation" with MS VC++ 15.9 (VS2017)

END.
